[20-Feb-2009 17:31:08] PHP Fatal error:  Uncaught exception 'Zend_Gdata_App_HttpException' with message 'Expected response code 200, got 400
Parse error: Encountered &quot;&lt;EOF&gt;&quot; at line 1, column 5.
Was expecting one of:
    &lt;DATE&gt; ...
    &lt;FLOAT&gt; ...
    &lt;BOOLEAN&gt; ...
    &quot;!&quot; ...
    &lt;STRING&gt; ...
    &lt;NAME&gt; ...
    &quot;{&quot; ...
    &quot;(&quot; ...
    &quot;$&quot; ...
    ' in /usr/lib/php/Zend/Gdata/App.php:661
Stack trace:
#0 /usr/lib/php/Zend/Gdata.php(218): Zend_Gdata_App->performHttpRequest('GET', 'http://spreadsh...', Array, NULL, NULL, NULL)
#1 /usr/lib/php/Zend/Gdata/App.php(814): Zend_Gdata->performHttpRequest('GET', 'http://spreadsh...', Array)
#2 /usr/lib/php/Zend/Gdata/App.php(714): Zend_Gdata_App->get('http://spreadsh...', NULL)
#3 /usr/lib/php/Zend/Gdata/App.php(204): Zend_Gdata_App->importUrl('http://spreadsh...', 'Zend_Gdata_Spre...', NULL)
#4 /usr/lib/php/Zend/Gdata.php(161): Zend_Gdata_App->getFeed('http://spreadsh...', 'Zend_Gdata_Spre...')
#5 /usr/lib/php/Zend/Gdata/Spr in /usr/lib/php/Zend/Gdata/App.php on line 661
[20-Feb-2009 17:31:11] PHP Fatal error:  Uncaught exception 'Zend_Gdata_App_HttpException' with message 'Expected response code 200, got 400
Parse error: Encountered &quot;&lt;EOF&gt;&quot; at line 1, column 5.
Was expecting one of:
    &lt;DATE&gt; ...
    &lt;FLOAT&gt; ...
    &lt;BOOLEAN&gt; ...
    &quot;!&quot; ...
    &lt;STRING&gt; ...
    &lt;NAME&gt; ...
    &quot;{&quot; ...
    &quot;(&quot; ...
    &quot;$&quot; ...
    ' in /usr/lib/php/Zend/Gdata/App.php:661
Stack trace:
#0 /usr/lib/php/Zend/Gdata.php(218): Zend_Gdata_App->performHttpRequest('GET', 'http://spreadsh...', Array, NULL, NULL, NULL)
#1 /usr/lib/php/Zend/Gdata/App.php(814): Zend_Gdata->performHttpRequest('GET', 'http://spreadsh...', Array)
#2 /usr/lib/php/Zend/Gdata/App.php(714): Zend_Gdata_App->get('http://spreadsh...', NULL)
#3 /usr/lib/php/Zend/Gdata/App.php(204): Zend_Gdata_App->importUrl('http://spreadsh...', 'Zend_Gdata_Spre...', NULL)
#4 /usr/lib/php/Zend/Gdata.php(161): Zend_Gdata_App->getFeed('http://spreadsh...', 'Zend_Gdata_Spre...')
#5 /usr/lib/php/Zend/Gdata/Spr in /usr/lib/php/Zend/Gdata/App.php on line 661
[20-Feb-2009 17:31:18] PHP Fatal error:  Uncaught exception 'Zend_Gdata_App_HttpException' with message 'Expected response code 200, got 400
Parse error: Encountered &quot;&lt;EOF&gt;&quot; at line 1, column 5.
Was expecting one of:
    &lt;DATE&gt; ...
    &lt;FLOAT&gt; ...
    &lt;BOOLEAN&gt; ...
    &quot;!&quot; ...
    &lt;STRING&gt; ...
    &lt;NAME&gt; ...
    &quot;{&quot; ...
    &quot;(&quot; ...
    &quot;$&quot; ...
    ' in /usr/lib/php/Zend/Gdata/App.php:661
Stack trace:
#0 /usr/lib/php/Zend/Gdata.php(218): Zend_Gdata_App->performHttpRequest('GET', 'http://spreadsh...', Array, NULL, NULL, NULL)
#1 /usr/lib/php/Zend/Gdata/App.php(814): Zend_Gdata->performHttpRequest('GET', 'http://spreadsh...', Array)
#2 /usr/lib/php/Zend/Gdata/App.php(714): Zend_Gdata_App->get('http://spreadsh...', NULL)
#3 /usr/lib/php/Zend/Gdata/App.php(204): Zend_Gdata_App->importUrl('http://spreadsh...', 'Zend_Gdata_Spre...', NULL)
#4 /usr/lib/php/Zend/Gdata.php(161): Zend_Gdata_App->getFeed('http://spreadsh...', 'Zend_Gdata_Spre...')
#5 /usr/lib/php/Zend/Gdata/Spr in /usr/lib/php/Zend/Gdata/App.php on line 661
[22-Feb-2009 16:09:21] PHP Fatal error:  Uncaught exception 'Zend_Gdata_App_HttpException' with message 'Expected response code 200, got 400
Parse error: Encountered &quot;&lt;EOF&gt;&quot; at line 1, column 5.
Was expecting one of:
    &lt;DATE&gt; ...
    &lt;FLOAT&gt; ...
    &lt;BOOLEAN&gt; ...
    &quot;!&quot; ...
    &lt;STRING&gt; ...
    &lt;NAME&gt; ...
    &quot;{&quot; ...
    &quot;(&quot; ...
    &quot;$&quot; ...
    ' in /usr/lib/php/Zend/Gdata/App.php:661
Stack trace:
#0 /usr/lib/php/Zend/Gdata.php(218): Zend_Gdata_App->performHttpRequest('GET', 'http://spreadsh...', Array, NULL, NULL, NULL)
#1 /usr/lib/php/Zend/Gdata/App.php(814): Zend_Gdata->performHttpRequest('GET', 'http://spreadsh...', Array)
#2 /usr/lib/php/Zend/Gdata/App.php(714): Zend_Gdata_App->get('http://spreadsh...', NULL)
#3 /usr/lib/php/Zend/Gdata/App.php(204): Zend_Gdata_App->importUrl('http://spreadsh...', 'Zend_Gdata_Spre...', NULL)
#4 /usr/lib/php/Zend/Gdata.php(161): Zend_Gdata_App->getFeed('http://spreadsh...', 'Zend_Gdata_Spre...')
#5 /usr/lib/php/Zend/Gdata/Spr in /usr/lib/php/Zend/Gdata/App.php on line 661
[22-Feb-2009 16:15:39] PHP Fatal error:  Uncaught exception 'Zend_Gdata_App_HttpException' with message 'Expected response code 200, got 400
Parse error: Encountered &quot;&lt;EOF&gt;&quot; at line 1, column 5.
Was expecting one of:
    &lt;DATE&gt; ...
    &lt;FLOAT&gt; ...
    &lt;BOOLEAN&gt; ...
    &quot;!&quot; ...
    &lt;STRING&gt; ...
    &lt;NAME&gt; ...
    &quot;{&quot; ...
    &quot;(&quot; ...
    &quot;$&quot; ...
    ' in /usr/lib/php/Zend/Gdata/App.php:661
Stack trace:
#0 /usr/lib/php/Zend/Gdata.php(218): Zend_Gdata_App->performHttpRequest('GET', 'http://spreadsh...', Array, NULL, NULL, NULL)
#1 /usr/lib/php/Zend/Gdata/App.php(814): Zend_Gdata->performHttpRequest('GET', 'http://spreadsh...', Array)
#2 /usr/lib/php/Zend/Gdata/App.php(714): Zend_Gdata_App->get('http://spreadsh...', NULL)
#3 /usr/lib/php/Zend/Gdata/App.php(204): Zend_Gdata_App->importUrl('http://spreadsh...', 'Zend_Gdata_Spre...', NULL)
#4 /usr/lib/php/Zend/Gdata.php(161): Zend_Gdata_App->getFeed('http://spreadsh...', 'Zend_Gdata_Spre...')
#5 /usr/lib/php/Zend/Gdata/Spr in /usr/lib/php/Zend/Gdata/App.php on line 661
[22-Feb-2009 16:19:12] PHP Fatal error:  Uncaught exception 'Zend_Gdata_App_HttpException' with message 'Expected response code 200, got 400
Parse error: Encountered &quot;&lt;EOF&gt;&quot; at line 1, column 5.
Was expecting one of:
    &lt;DATE&gt; ...
    &lt;FLOAT&gt; ...
    &lt;BOOLEAN&gt; ...
    &quot;!&quot; ...
    &lt;STRING&gt; ...
    &lt;NAME&gt; ...
    &quot;{&quot; ...
    &quot;(&quot; ...
    &quot;$&quot; ...
    ' in /usr/lib/php/Zend/Gdata/App.php:661
Stack trace:
#0 /usr/lib/php/Zend/Gdata.php(218): Zend_Gdata_App->performHttpRequest('GET', 'http://spreadsh...', Array, NULL, NULL, NULL)
#1 /usr/lib/php/Zend/Gdata/App.php(814): Zend_Gdata->performHttpRequest('GET', 'http://spreadsh...', Array)
#2 /usr/lib/php/Zend/Gdata/App.php(714): Zend_Gdata_App->get('http://spreadsh...', NULL)
#3 /usr/lib/php/Zend/Gdata/App.php(204): Zend_Gdata_App->importUrl('http://spreadsh...', 'Zend_Gdata_Spre...', NULL)
#4 /usr/lib/php/Zend/Gdata.php(161): Zend_Gdata_App->getFeed('http://spreadsh...', 'Zend_Gdata_Spre...')
#5 /usr/lib/php/Zend/Gdata/Spr in /usr/lib/php/Zend/Gdata/App.php on line 661
[22-Feb-2009 16:20:30] PHP Fatal error:  Uncaught exception 'Zend_Gdata_App_HttpException' with message 'Expected response code 200, got 400
Parse error: Encountered &quot;&lt;EOF&gt;&quot; at line 1, column 5.
Was expecting one of:
    &lt;DATE&gt; ...
    &lt;FLOAT&gt; ...
    &lt;BOOLEAN&gt; ...
    &quot;!&quot; ...
    &lt;STRING&gt; ...
    &lt;NAME&gt; ...
    &quot;{&quot; ...
    &quot;(&quot; ...
    &quot;$&quot; ...
    ' in /usr/lib/php/Zend/Gdata/App.php:661
Stack trace:
#0 /usr/lib/php/Zend/Gdata.php(218): Zend_Gdata_App->performHttpRequest('GET', 'http://spreadsh...', Array, NULL, NULL, NULL)
#1 /usr/lib/php/Zend/Gdata/App.php(814): Zend_Gdata->performHttpRequest('GET', 'http://spreadsh...', Array)
#2 /usr/lib/php/Zend/Gdata/App.php(714): Zend_Gdata_App->get('http://spreadsh...', NULL)
#3 /usr/lib/php/Zend/Gdata/App.php(204): Zend_Gdata_App->importUrl('http://spreadsh...', 'Zend_Gdata_Spre...', NULL)
#4 /usr/lib/php/Zend/Gdata.php(161): Zend_Gdata_App->getFeed('http://spreadsh...', 'Zend_Gdata_Spre...')
#5 /usr/lib/php/Zend/Gdata/Spr in /usr/lib/php/Zend/Gdata/App.php on line 661
[22-Feb-2009 16:21:48] PHP Fatal error:  Uncaught exception 'Zend_Gdata_App_HttpException' with message 'Expected response code 200, got 400
Parse error: Encountered &quot;&lt;EOF&gt;&quot; at line 1, column 5.
Was expecting one of:
    &lt;DATE&gt; ...
    &lt;FLOAT&gt; ...
    &lt;BOOLEAN&gt; ...
    &quot;!&quot; ...
    &lt;STRING&gt; ...
    &lt;NAME&gt; ...
    &quot;{&quot; ...
    &quot;(&quot; ...
    &quot;$&quot; ...
    ' in /usr/lib/php/Zend/Gdata/App.php:661
Stack trace:
#0 /usr/lib/php/Zend/Gdata.php(218): Zend_Gdata_App->performHttpRequest('GET', 'http://spreadsh...', Array, NULL, NULL, NULL)
#1 /usr/lib/php/Zend/Gdata/App.php(814): Zend_Gdata->performHttpRequest('GET', 'http://spreadsh...', Array)
#2 /usr/lib/php/Zend/Gdata/App.php(714): Zend_Gdata_App->get('http://spreadsh...', NULL)
#3 /usr/lib/php/Zend/Gdata/App.php(204): Zend_Gdata_App->importUrl('http://spreadsh...', 'Zend_Gdata_Spre...', NULL)
#4 /usr/lib/php/Zend/Gdata.php(161): Zend_Gdata_App->getFeed('http://spreadsh...', 'Zend_Gdata_Spre...')
#5 /usr/lib/php/Zend/Gdata/Spr in /usr/lib/php/Zend/Gdata/App.php on line 661
[22-Feb-2009 16:26:50] PHP Fatal error:  Uncaught exception 'Zend_Gdata_App_HttpException' with message 'Expected response code 200, got 400
Parse error: Encountered &quot;&lt;EOF&gt;&quot; at line 1, column 5.
Was expecting one of:
    &lt;DATE&gt; ...
    &lt;FLOAT&gt; ...
    &lt;BOOLEAN&gt; ...
    &quot;!&quot; ...
    &lt;STRING&gt; ...
    &lt;NAME&gt; ...
    &quot;{&quot; ...
    &quot;(&quot; ...
    &quot;$&quot; ...
    ' in /usr/lib/php/Zend/Gdata/App.php:661
Stack trace:
#0 /usr/lib/php/Zend/Gdata.php(218): Zend_Gdata_App->performHttpRequest('GET', 'http://spreadsh...', Array, NULL, NULL, NULL)
#1 /usr/lib/php/Zend/Gdata/App.php(814): Zend_Gdata->performHttpRequest('GET', 'http://spreadsh...', Array)
#2 /usr/lib/php/Zend/Gdata/App.php(714): Zend_Gdata_App->get('http://spreadsh...', NULL)
#3 /usr/lib/php/Zend/Gdata/App.php(204): Zend_Gdata_App->importUrl('http://spreadsh...', 'Zend_Gdata_Spre...', NULL)
#4 /usr/lib/php/Zend/Gdata.php(161): Zend_Gdata_App->getFeed('http://spreadsh...', 'Zend_Gdata_Spre...')
#5 /usr/lib/php/Zend/Gdata/Spr in /usr/lib/php/Zend/Gdata/App.php on line 661
[22-Feb-2009 16:26:57] PHP Fatal error:  Uncaught exception 'Zend_Gdata_App_HttpException' with message 'Expected response code 200, got 400
Parse error: Encountered &quot;&lt;EOF&gt;&quot; at line 1, column 5.
Was expecting one of:
    &lt;DATE&gt; ...
    &lt;FLOAT&gt; ...
    &lt;BOOLEAN&gt; ...
    &quot;!&quot; ...
    &lt;STRING&gt; ...
    &lt;NAME&gt; ...
    &quot;{&quot; ...
    &quot;(&quot; ...
    &quot;$&quot; ...
    ' in /usr/lib/php/Zend/Gdata/App.php:661
Stack trace:
#0 /usr/lib/php/Zend/Gdata.php(218): Zend_Gdata_App->performHttpRequest('GET', 'http://spreadsh...', Array, NULL, NULL, NULL)
#1 /usr/lib/php/Zend/Gdata/App.php(814): Zend_Gdata->performHttpRequest('GET', 'http://spreadsh...', Array)
#2 /usr/lib/php/Zend/Gdata/App.php(714): Zend_Gdata_App->get('http://spreadsh...', NULL)
#3 /usr/lib/php/Zend/Gdata/App.php(204): Zend_Gdata_App->importUrl('http://spreadsh...', 'Zend_Gdata_Spre...', NULL)
#4 /usr/lib/php/Zend/Gdata.php(161): Zend_Gdata_App->getFeed('http://spreadsh...', 'Zend_Gdata_Spre...')
#5 /usr/lib/php/Zend/Gdata/Spr in /usr/lib/php/Zend/Gdata/App.php on line 661
[22-Feb-2009 16:27:58] PHP Fatal error:  Uncaught exception 'Zend_Gdata_App_HttpException' with message 'Expected response code 200, got 400
Parse error: Encountered &quot;&lt;EOF&gt;&quot; at line 1, column 5.
Was expecting one of:
    &lt;DATE&gt; ...
    &lt;FLOAT&gt; ...
    &lt;BOOLEAN&gt; ...
    &quot;!&quot; ...
    &lt;STRING&gt; ...
    &lt;NAME&gt; ...
    &quot;{&quot; ...
    &quot;(&quot; ...
    &quot;$&quot; ...
    ' in /usr/lib/php/Zend/Gdata/App.php:661
Stack trace:
#0 /usr/lib/php/Zend/Gdata.php(218): Zend_Gdata_App->performHttpRequest('GET', 'http://spreadsh...', Array, NULL, NULL, NULL)
#1 /usr/lib/php/Zend/Gdata/App.php(814): Zend_Gdata->performHttpRequest('GET', 'http://spreadsh...', Array)
#2 /usr/lib/php/Zend/Gdata/App.php(714): Zend_Gdata_App->get('http://spreadsh...', NULL)
#3 /usr/lib/php/Zend/Gdata/App.php(204): Zend_Gdata_App->importUrl('http://spreadsh...', 'Zend_Gdata_Spre...', NULL)
#4 /usr/lib/php/Zend/Gdata.php(161): Zend_Gdata_App->getFeed('http://spreadsh...', 'Zend_Gdata_Spre...')
#5 /usr/lib/php/Zend/Gdata/Spr in /usr/lib/php/Zend/Gdata/App.php on line 661
[22-Feb-2009 16:28:12] PHP Fatal error:  Uncaught exception 'Zend_Gdata_App_HttpException' with message 'Expected response code 200, got 400
Parse error: Encountered &quot;&lt;EOF&gt;&quot; at line 1, column 5.
Was expecting one of:
    &lt;DATE&gt; ...
    &lt;FLOAT&gt; ...
    &lt;BOOLEAN&gt; ...
    &quot;!&quot; ...
    &lt;STRING&gt; ...
    &lt;NAME&gt; ...
    &quot;{&quot; ...
    &quot;(&quot; ...
    &quot;$&quot; ...
    ' in /usr/lib/php/Zend/Gdata/App.php:661
Stack trace:
#0 /usr/lib/php/Zend/Gdata.php(218): Zend_Gdata_App->performHttpRequest('GET', 'http://spreadsh...', Array, NULL, NULL, NULL)
#1 /usr/lib/php/Zend/Gdata/App.php(814): Zend_Gdata->performHttpRequest('GET', 'http://spreadsh...', Array)
#2 /usr/lib/php/Zend/Gdata/App.php(714): Zend_Gdata_App->get('http://spreadsh...', NULL)
#3 /usr/lib/php/Zend/Gdata/App.php(204): Zend_Gdata_App->importUrl('http://spreadsh...', 'Zend_Gdata_Spre...', NULL)
#4 /usr/lib/php/Zend/Gdata.php(161): Zend_Gdata_App->getFeed('http://spreadsh...', 'Zend_Gdata_Spre...')
#5 /usr/lib/php/Zend/Gdata/Spr in /usr/lib/php/Zend/Gdata/App.php on line 661
[22-Feb-2009 16:37:25] PHP Fatal error:  Uncaught exception 'Zend_Gdata_App_HttpException' with message 'Expected response code 200, got 400
Parse error: Encountered &quot;&lt;EOF&gt;&quot; at line 1, column 5.
Was expecting one of:
    &lt;DATE&gt; ...
    &lt;FLOAT&gt; ...
    &lt;BOOLEAN&gt; ...
    &quot;!&quot; ...
    &lt;STRING&gt; ...
    &lt;NAME&gt; ...
    &quot;{&quot; ...
    &quot;(&quot; ...
    &quot;$&quot; ...
    ' in /usr/lib/php/Zend/Gdata/App.php:661
Stack trace:
#0 /usr/lib/php/Zend/Gdata.php(218): Zend_Gdata_App->performHttpRequest('GET', 'http://spreadsh...', Array, NULL, NULL, NULL)
#1 /usr/lib/php/Zend/Gdata/App.php(814): Zend_Gdata->performHttpRequest('GET', 'http://spreadsh...', Array)
#2 /usr/lib/php/Zend/Gdata/App.php(714): Zend_Gdata_App->get('http://spreadsh...', NULL)
#3 /usr/lib/php/Zend/Gdata/App.php(204): Zend_Gdata_App->importUrl('http://spreadsh...', 'Zend_Gdata_Spre...', NULL)
#4 /usr/lib/php/Zend/Gdata.php(161): Zend_Gdata_App->getFeed('http://spreadsh...', 'Zend_Gdata_Spre...')
#5 /usr/lib/php/Zend/Gdata/Spr in /usr/lib/php/Zend/Gdata/App.php on line 661
[22-Feb-2009 16:37:42] PHP Fatal error:  Uncaught exception 'Zend_Gdata_App_HttpException' with message 'Expected response code 200, got 400
Parse error: Encountered &quot;&lt;EOF&gt;&quot; at line 1, column 5.
Was expecting one of:
    &lt;DATE&gt; ...
    &lt;FLOAT&gt; ...
    &lt;BOOLEAN&gt; ...
    &quot;!&quot; ...
    &lt;STRING&gt; ...
    &lt;NAME&gt; ...
    &quot;{&quot; ...
    &quot;(&quot; ...
    &quot;$&quot; ...
    ' in /usr/lib/php/Zend/Gdata/App.php:661
Stack trace:
#0 /usr/lib/php/Zend/Gdata.php(218): Zend_Gdata_App->performHttpRequest('GET', 'http://spreadsh...', Array, NULL, NULL, NULL)
#1 /usr/lib/php/Zend/Gdata/App.php(814): Zend_Gdata->performHttpRequest('GET', 'http://spreadsh...', Array)
#2 /usr/lib/php/Zend/Gdata/App.php(714): Zend_Gdata_App->get('http://spreadsh...', NULL)
#3 /usr/lib/php/Zend/Gdata/App.php(204): Zend_Gdata_App->importUrl('http://spreadsh...', 'Zend_Gdata_Spre...', NULL)
#4 /usr/lib/php/Zend/Gdata.php(161): Zend_Gdata_App->getFeed('http://spreadsh...', 'Zend_Gdata_Spre...')
#5 /usr/lib/php/Zend/Gdata/Spr in /usr/lib/php/Zend/Gdata/App.php on line 661
[22-Feb-2009 16:38:11] PHP Fatal error:  Uncaught exception 'Zend_Gdata_App_HttpException' with message 'Expected response code 200, got 400
Parse error: Encountered &quot;&lt;EOF&gt;&quot; at line 1, column 5.
Was expecting one of:
    &lt;DATE&gt; ...
    &lt;FLOAT&gt; ...
    &lt;BOOLEAN&gt; ...
    &quot;!&quot; ...
    &lt;STRING&gt; ...
    &lt;NAME&gt; ...
    &quot;{&quot; ...
    &quot;(&quot; ...
    &quot;$&quot; ...
    ' in /usr/lib/php/Zend/Gdata/App.php:661
Stack trace:
#0 /usr/lib/php/Zend/Gdata.php(218): Zend_Gdata_App->performHttpRequest('GET', 'http://spreadsh...', Array, NULL, NULL, NULL)
#1 /usr/lib/php/Zend/Gdata/App.php(814): Zend_Gdata->performHttpRequest('GET', 'http://spreadsh...', Array)
#2 /usr/lib/php/Zend/Gdata/App.php(714): Zend_Gdata_App->get('http://spreadsh...', NULL)
#3 /usr/lib/php/Zend/Gdata/App.php(204): Zend_Gdata_App->importUrl('http://spreadsh...', 'Zend_Gdata_Spre...', NULL)
#4 /usr/lib/php/Zend/Gdata.php(161): Zend_Gdata_App->getFeed('http://spreadsh...', 'Zend_Gdata_Spre...')
#5 /usr/lib/php/Zend/Gdata/Spr in /usr/lib/php/Zend/Gdata/App.php on line 661
[22-Feb-2009 16:38:12] PHP Fatal error:  Uncaught exception 'Zend_Gdata_App_HttpException' with message 'Expected response code 200, got 400
Parse error: Encountered &quot;&lt;EOF&gt;&quot; at line 1, column 5.
Was expecting one of:
    &lt;DATE&gt; ...
    &lt;FLOAT&gt; ...
    &lt;BOOLEAN&gt; ...
    &quot;!&quot; ...
    &lt;STRING&gt; ...
    &lt;NAME&gt; ...
    &quot;{&quot; ...
    &quot;(&quot; ...
    &quot;$&quot; ...
    ' in /usr/lib/php/Zend/Gdata/App.php:661
Stack trace:
#0 /usr/lib/php/Zend/Gdata.php(218): Zend_Gdata_App->performHttpRequest('GET', 'http://spreadsh...', Array, NULL, NULL, NULL)
#1 /usr/lib/php/Zend/Gdata/App.php(814): Zend_Gdata->performHttpRequest('GET', 'http://spreadsh...', Array)
#2 /usr/lib/php/Zend/Gdata/App.php(714): Zend_Gdata_App->get('http://spreadsh...', NULL)
#3 /usr/lib/php/Zend/Gdata/App.php(204): Zend_Gdata_App->importUrl('http://spreadsh...', 'Zend_Gdata_Spre...', NULL)
#4 /usr/lib/php/Zend/Gdata.php(161): Zend_Gdata_App->getFeed('http://spreadsh...', 'Zend_Gdata_Spre...')
#5 /usr/lib/php/Zend/Gdata/Spr in /usr/lib/php/Zend/Gdata/App.php on line 661
[22-Feb-2009 16:38:37] PHP Fatal error:  Uncaught exception 'Zend_Gdata_App_HttpException' with message 'Expected response code 200, got 400
Parse error: Encountered &quot;&lt;EOF&gt;&quot; at line 1, column 5.
Was expecting one of:
    &lt;DATE&gt; ...
    &lt;FLOAT&gt; ...
    &lt;BOOLEAN&gt; ...
    &quot;!&quot; ...
    &lt;STRING&gt; ...
    &lt;NAME&gt; ...
    &quot;{&quot; ...
    &quot;(&quot; ...
    &quot;$&quot; ...
    ' in /usr/lib/php/Zend/Gdata/App.php:661
Stack trace:
#0 /usr/lib/php/Zend/Gdata.php(218): Zend_Gdata_App->performHttpRequest('GET', 'http://spreadsh...', Array, NULL, NULL, NULL)
#1 /usr/lib/php/Zend/Gdata/App.php(814): Zend_Gdata->performHttpRequest('GET', 'http://spreadsh...', Array)
#2 /usr/lib/php/Zend/Gdata/App.php(714): Zend_Gdata_App->get('http://spreadsh...', NULL)
#3 /usr/lib/php/Zend/Gdata/App.php(204): Zend_Gdata_App->importUrl('http://spreadsh...', 'Zend_Gdata_Spre...', NULL)
#4 /usr/lib/php/Zend/Gdata.php(161): Zend_Gdata_App->getFeed('http://spreadsh...', 'Zend_Gdata_Spre...')
#5 /usr/lib/php/Zend/Gdata/Spr in /usr/lib/php/Zend/Gdata/App.php on line 661
[22-Feb-2009 16:40:12] PHP Fatal error:  Uncaught exception 'Zend_Gdata_App_HttpException' with message 'Expected response code 200, got 400
Parse error: Encountered &quot;&lt;EOF&gt;&quot; at line 1, column 5.
Was expecting one of:
    &lt;DATE&gt; ...
    &lt;FLOAT&gt; ...
    &lt;BOOLEAN&gt; ...
    &quot;!&quot; ...
    &lt;STRING&gt; ...
    &lt;NAME&gt; ...
    &quot;{&quot; ...
    &quot;(&quot; ...
    &quot;$&quot; ...
    ' in /usr/lib/php/Zend/Gdata/App.php:661
Stack trace:
#0 /usr/lib/php/Zend/Gdata.php(218): Zend_Gdata_App->performHttpRequest('GET', 'http://spreadsh...', Array, NULL, NULL, NULL)
#1 /usr/lib/php/Zend/Gdata/App.php(814): Zend_Gdata->performHttpRequest('GET', 'http://spreadsh...', Array)
#2 /usr/lib/php/Zend/Gdata/App.php(714): Zend_Gdata_App->get('http://spreadsh...', NULL)
#3 /usr/lib/php/Zend/Gdata/App.php(204): Zend_Gdata_App->importUrl('http://spreadsh...', 'Zend_Gdata_Spre...', NULL)
#4 /usr/lib/php/Zend/Gdata.php(161): Zend_Gdata_App->getFeed('http://spreadsh...', 'Zend_Gdata_Spre...')
#5 /usr/lib/php/Zend/Gdata/Spr in /usr/lib/php/Zend/Gdata/App.php on line 661
[22-Feb-2009 17:21:53] PHP Warning:  Invalid argument supplied for foreach() in /opt/local/apache2/htdocs/googmaps/goog_ssheet.php on line 42
[22-Feb-2009 17:21:58] PHP Warning:  Invalid argument supplied for foreach() in /opt/local/apache2/htdocs/googmaps/goog_ssheet.php on line 42
[23-Feb-2009 11:32:46] PHP Fatal error:  Uncaught exception 'Zend_Gdata_App_HttpException' with message 'Expected response code 200, got 400
Parse error: Encountered &quot;&lt;EOF&gt;&quot; at line 1, column 5.
Was expecting one of:
    &lt;DATE&gt; ...
    &lt;FLOAT&gt; ...
    &lt;BOOLEAN&gt; ...
    &quot;!&quot; ...
    &lt;STRING&gt; ...
    &lt;NAME&gt; ...
    &quot;{&quot; ...
    &quot;(&quot; ...
    &quot;$&quot; ...
    ' in /usr/lib/php/Zend/Gdata/App.php:661
Stack trace:
#0 /usr/lib/php/Zend/Gdata.php(218): Zend_Gdata_App->performHttpRequest('GET', 'http://spreadsh...', Array, NULL, NULL, NULL)
#1 /usr/lib/php/Zend/Gdata/App.php(814): Zend_Gdata->performHttpRequest('GET', 'http://spreadsh...', Array)
#2 /usr/lib/php/Zend/Gdata/App.php(714): Zend_Gdata_App->get('http://spreadsh...', NULL)
#3 /usr/lib/php/Zend/Gdata/App.php(204): Zend_Gdata_App->importUrl('http://spreadsh...', 'Zend_Gdata_Spre...', NULL)
#4 /usr/lib/php/Zend/Gdata.php(161): Zend_Gdata_App->getFeed('http://spreadsh...', 'Zend_Gdata_Spre...')
#5 /usr/lib/php/Zend/Gdata/Spr in /usr/lib/php/Zend/Gdata/App.php on line 661
[23-Feb-2009 11:32:53] PHP Fatal error:  Uncaught exception 'Zend_Gdata_App_HttpException' with message 'Expected response code 200, got 400
Parse error: Encountered &quot;&lt;EOF&gt;&quot; at line 1, column 5.
Was expecting one of:
    &lt;DATE&gt; ...
    &lt;FLOAT&gt; ...
    &lt;BOOLEAN&gt; ...
    &quot;!&quot; ...
    &lt;STRING&gt; ...
    &lt;NAME&gt; ...
    &quot;{&quot; ...
    &quot;(&quot; ...
    &quot;$&quot; ...
    ' in /usr/lib/php/Zend/Gdata/App.php:661
Stack trace:
#0 /usr/lib/php/Zend/Gdata.php(218): Zend_Gdata_App->performHttpRequest('GET', 'http://spreadsh...', Array, NULL, NULL, NULL)
#1 /usr/lib/php/Zend/Gdata/App.php(814): Zend_Gdata->performHttpRequest('GET', 'http://spreadsh...', Array)
#2 /usr/lib/php/Zend/Gdata/App.php(714): Zend_Gdata_App->get('http://spreadsh...', NULL)
#3 /usr/lib/php/Zend/Gdata/App.php(204): Zend_Gdata_App->importUrl('http://spreadsh...', 'Zend_Gdata_Spre...', NULL)
#4 /usr/lib/php/Zend/Gdata.php(161): Zend_Gdata_App->getFeed('http://spreadsh...', 'Zend_Gdata_Spre...')
#5 /usr/lib/php/Zend/Gdata/Spr in /usr/lib/php/Zend/Gdata/App.php on line 661
[23-Feb-2009 11:40:14] PHP Fatal error:  Uncaught exception 'Zend_Gdata_App_HttpException' with message 'Expected response code 200, got 400
Parse error: Encountered &quot;&lt;EOF&gt;&quot; at line 1, column 5.
Was expecting one of:
    &lt;DATE&gt; ...
    &lt;FLOAT&gt; ...
    &lt;BOOLEAN&gt; ...
    &quot;!&quot; ...
    &lt;STRING&gt; ...
    &lt;NAME&gt; ...
    &quot;{&quot; ...
    &quot;(&quot; ...
    &quot;$&quot; ...
    ' in /usr/lib/php/Zend/Gdata/App.php:661
Stack trace:
#0 /usr/lib/php/Zend/Gdata.php(218): Zend_Gdata_App->performHttpRequest('GET', 'http://spreadsh...', Array, NULL, NULL, NULL)
#1 /usr/lib/php/Zend/Gdata/App.php(814): Zend_Gdata->performHttpRequest('GET', 'http://spreadsh...', Array)
#2 /usr/lib/php/Zend/Gdata/App.php(714): Zend_Gdata_App->get('http://spreadsh...', NULL)
#3 /usr/lib/php/Zend/Gdata/App.php(204): Zend_Gdata_App->importUrl('http://spreadsh...', 'Zend_Gdata_Spre...', NULL)
#4 /usr/lib/php/Zend/Gdata.php(161): Zend_Gdata_App->getFeed('http://spreadsh...', 'Zend_Gdata_Spre...')
#5 /usr/lib/php/Zend/Gdata/Spr in /usr/lib/php/Zend/Gdata/App.php on line 661
[23-Feb-2009 11:42:55] PHP Fatal error:  Uncaught exception 'Zend_Gdata_App_HttpException' with message 'Expected response code 200, got 400
Parse error: Encountered &quot;&lt;EOF&gt;&quot; at line 1, column 5.
Was expecting one of:
    &lt;DATE&gt; ...
    &lt;FLOAT&gt; ...
    &lt;BOOLEAN&gt; ...
    &quot;!&quot; ...
    &lt;STRING&gt; ...
    &lt;NAME&gt; ...
    &quot;{&quot; ...
    &quot;(&quot; ...
    &quot;$&quot; ...
    ' in /usr/lib/php/Zend/Gdata/App.php:661
Stack trace:
#0 /usr/lib/php/Zend/Gdata.php(218): Zend_Gdata_App->performHttpRequest('GET', 'http://spreadsh...', Array, NULL, NULL, NULL)
#1 /usr/lib/php/Zend/Gdata/App.php(814): Zend_Gdata->performHttpRequest('GET', 'http://spreadsh...', Array)
#2 /usr/lib/php/Zend/Gdata/App.php(714): Zend_Gdata_App->get('http://spreadsh...', NULL)
#3 /usr/lib/php/Zend/Gdata/App.php(204): Zend_Gdata_App->importUrl('http://spreadsh...', 'Zend_Gdata_Spre...', NULL)
#4 /usr/lib/php/Zend/Gdata.php(161): Zend_Gdata_App->getFeed('http://spreadsh...', 'Zend_Gdata_Spre...')
#5 /usr/lib/php/Zend/Gdata/Spr in /usr/lib/php/Zend/Gdata/App.php on line 661
[23-Feb-2009 11:43:05] PHP Fatal error:  Uncaught exception 'Zend_Gdata_App_HttpException' with message 'Expected response code 200, got 400
Parse error: Encountered &quot;&lt;EOF&gt;&quot; at line 1, column 5.
Was expecting one of:
    &lt;DATE&gt; ...
    &lt;FLOAT&gt; ...
    &lt;BOOLEAN&gt; ...
    &quot;!&quot; ...
    &lt;STRING&gt; ...
    &lt;NAME&gt; ...
    &quot;{&quot; ...
    &quot;(&quot; ...
    &quot;$&quot; ...
    ' in /usr/lib/php/Zend/Gdata/App.php:661
Stack trace:
#0 /usr/lib/php/Zend/Gdata.php(218): Zend_Gdata_App->performHttpRequest('GET', 'http://spreadsh...', Array, NULL, NULL, NULL)
#1 /usr/lib/php/Zend/Gdata/App.php(814): Zend_Gdata->performHttpRequest('GET', 'http://spreadsh...', Array)
#2 /usr/lib/php/Zend/Gdata/App.php(714): Zend_Gdata_App->get('http://spreadsh...', NULL)
#3 /usr/lib/php/Zend/Gdata/App.php(204): Zend_Gdata_App->importUrl('http://spreadsh...', 'Zend_Gdata_Spre...', NULL)
#4 /usr/lib/php/Zend/Gdata.php(161): Zend_Gdata_App->getFeed('http://spreadsh...', 'Zend_Gdata_Spre...')
#5 /usr/lib/php/Zend/Gdata/Spr in /usr/lib/php/Zend/Gdata/App.php on line 661
[23-Feb-2009 11:43:47] PHP Fatal error:  Uncaught exception 'Zend_Gdata_App_HttpException' with message 'Expected response code 200, got 400
Parse error: Encountered &quot;&lt;EOF&gt;&quot; at line 1, column 5.
Was expecting one of:
    &lt;DATE&gt; ...
    &lt;FLOAT&gt; ...
    &lt;BOOLEAN&gt; ...
    &quot;!&quot; ...
    &lt;STRING&gt; ...
    &lt;NAME&gt; ...
    &quot;{&quot; ...
    &quot;(&quot; ...
    &quot;$&quot; ...
    ' in /usr/lib/php/Zend/Gdata/App.php:661
Stack trace:
#0 /usr/lib/php/Zend/Gdata.php(218): Zend_Gdata_App->performHttpRequest('GET', 'http://spreadsh...', Array, NULL, NULL, NULL)
#1 /usr/lib/php/Zend/Gdata/App.php(814): Zend_Gdata->performHttpRequest('GET', 'http://spreadsh...', Array)
#2 /usr/lib/php/Zend/Gdata/App.php(714): Zend_Gdata_App->get('http://spreadsh...', NULL)
#3 /usr/lib/php/Zend/Gdata/App.php(204): Zend_Gdata_App->importUrl('http://spreadsh...', 'Zend_Gdata_Spre...', NULL)
#4 /usr/lib/php/Zend/Gdata.php(161): Zend_Gdata_App->getFeed('http://spreadsh...', 'Zend_Gdata_Spre...')
#5 /usr/lib/php/Zend/Gdata/Spr in /usr/lib/php/Zend/Gdata/App.php on line 661
[23-Feb-2009 11:58:26] PHP Fatal error:  Uncaught exception 'Zend_Gdata_App_HttpException' with message 'Expected response code 200, got 400
Parse error: Encountered &quot;&lt;EOF&gt;&quot; at line 1, column 5.
Was expecting one of:
    &lt;DATE&gt; ...
    &lt;FLOAT&gt; ...
    &lt;BOOLEAN&gt; ...
    &quot;!&quot; ...
    &lt;STRING&gt; ...
    &lt;NAME&gt; ...
    &quot;{&quot; ...
    &quot;(&quot; ...
    &quot;$&quot; ...
    ' in /usr/lib/php/Zend/Gdata/App.php:661
Stack trace:
#0 /usr/lib/php/Zend/Gdata.php(218): Zend_Gdata_App->performHttpRequest('GET', 'http://spreadsh...', Array, NULL, NULL, NULL)
#1 /usr/lib/php/Zend/Gdata/App.php(814): Zend_Gdata->performHttpRequest('GET', 'http://spreadsh...', Array)
#2 /usr/lib/php/Zend/Gdata/App.php(714): Zend_Gdata_App->get('http://spreadsh...', NULL)
#3 /usr/lib/php/Zend/Gdata/App.php(204): Zend_Gdata_App->importUrl('http://spreadsh...', 'Zend_Gdata_Spre...', NULL)
#4 /usr/lib/php/Zend/Gdata.php(161): Zend_Gdata_App->getFeed('http://spreadsh...', 'Zend_Gdata_Spre...')
#5 /usr/lib/php/Zend/Gdata/Spr in /usr/lib/php/Zend/Gdata/App.php on line 661
[23-Feb-2009 11:58:29] PHP Fatal error:  Uncaught exception 'Zend_Gdata_App_HttpException' with message 'Expected response code 200, got 400
Parse error: Encountered &quot;&lt;EOF&gt;&quot; at line 1, column 5.
Was expecting one of:
    &lt;DATE&gt; ...
    &lt;FLOAT&gt; ...
    &lt;BOOLEAN&gt; ...
    &quot;!&quot; ...
    &lt;STRING&gt; ...
    &lt;NAME&gt; ...
    &quot;{&quot; ...
    &quot;(&quot; ...
    &quot;$&quot; ...
    ' in /usr/lib/php/Zend/Gdata/App.php:661
Stack trace:
#0 /usr/lib/php/Zend/Gdata.php(218): Zend_Gdata_App->performHttpRequest('GET', 'http://spreadsh...', Array, NULL, NULL, NULL)
#1 /usr/lib/php/Zend/Gdata/App.php(814): Zend_Gdata->performHttpRequest('GET', 'http://spreadsh...', Array)
#2 /usr/lib/php/Zend/Gdata/App.php(714): Zend_Gdata_App->get('http://spreadsh...', NULL)
#3 /usr/lib/php/Zend/Gdata/App.php(204): Zend_Gdata_App->importUrl('http://spreadsh...', 'Zend_Gdata_Spre...', NULL)
#4 /usr/lib/php/Zend/Gdata.php(161): Zend_Gdata_App->getFeed('http://spreadsh...', 'Zend_Gdata_Spre...')
#5 /usr/lib/php/Zend/Gdata/Spr in /usr/lib/php/Zend/Gdata/App.php on line 661
[03-Mar-2009 16:46:17] PHP Fatal error:  Uncaught exception 'Zend_Gdata_App_HttpException' with message 'Expected response code 200, got 400
Parse error: Encountered &quot;&lt;EOF&gt;&quot; at line 1, column 5.
Was expecting one of:
    &lt;DATE&gt; ...
    &lt;FLOAT&gt; ...
    &lt;BOOLEAN&gt; ...
    &quot;!&quot; ...
    &lt;STRING&gt; ...
    &lt;NAME&gt; ...
    &quot;{&quot; ...
    &quot;(&quot; ...
    &quot;$&quot; ...
    ' in /usr/lib/php/Zend/Gdata/App.php:661
Stack trace:
#0 /usr/lib/php/Zend/Gdata.php(218): Zend_Gdata_App->performHttpRequest('GET', 'http://spreadsh...', Array, NULL, NULL, NULL)
#1 /usr/lib/php/Zend/Gdata/App.php(814): Zend_Gdata->performHttpRequest('GET', 'http://spreadsh...', Array)
#2 /usr/lib/php/Zend/Gdata/App.php(714): Zend_Gdata_App->get('http://spreadsh...', NULL)
#3 /usr/lib/php/Zend/Gdata/App.php(204): Zend_Gdata_App->importUrl('http://spreadsh...', 'Zend_Gdata_Spre...', NULL)
#4 /usr/lib/php/Zend/Gdata.php(161): Zend_Gdata_App->getFeed('http://spreadsh...', 'Zend_Gdata_Spre...')
#5 /usr/lib/php/Zend/Gdata/Spr in /usr/lib/php/Zend/Gdata/App.php on line 661
[03-Mar-2009 16:51:36] PHP Fatal error:  Uncaught exception 'Zend_Gdata_App_HttpException' with message 'Expected response code 200, got 400
Parse error: Encountered &quot;&lt;EOF&gt;&quot; at line 1, column 5.
Was expecting one of:
    &lt;DATE&gt; ...
    &lt;FLOAT&gt; ...
    &lt;BOOLEAN&gt; ...
    &quot;!&quot; ...
    &lt;STRING&gt; ...
    &lt;NAME&gt; ...
    &quot;{&quot; ...
    &quot;(&quot; ...
    &quot;$&quot; ...
    ' in /usr/lib/php/Zend/Gdata/App.php:661
Stack trace:
#0 /usr/lib/php/Zend/Gdata.php(218): Zend_Gdata_App->performHttpRequest('GET', 'http://spreadsh...', Array, NULL, NULL, NULL)
#1 /usr/lib/php/Zend/Gdata/App.php(814): Zend_Gdata->performHttpRequest('GET', 'http://spreadsh...', Array)
#2 /usr/lib/php/Zend/Gdata/App.php(714): Zend_Gdata_App->get('http://spreadsh...', NULL)
#3 /usr/lib/php/Zend/Gdata/App.php(204): Zend_Gdata_App->importUrl('http://spreadsh...', 'Zend_Gdata_Spre...', NULL)
#4 /usr/lib/php/Zend/Gdata.php(161): Zend_Gdata_App->getFeed('http://spreadsh...', 'Zend_Gdata_Spre...')
#5 /usr/lib/php/Zend/Gdata/Spr in /usr/lib/php/Zend/Gdata/App.php on line 661
[03-Mar-2009 16:57:20] PHP Fatal error:  Uncaught exception 'Zend_Gdata_App_HttpException' with message 'Expected response code 200, got 400
Parse error: Encountered &quot;&lt;EOF&gt;&quot; at line 1, column 5.
Was expecting one of:
    &lt;DATE&gt; ...
    &lt;FLOAT&gt; ...
    &lt;BOOLEAN&gt; ...
    &quot;!&quot; ...
    &lt;STRING&gt; ...
    &lt;NAME&gt; ...
    &quot;{&quot; ...
    &quot;(&quot; ...
    &quot;$&quot; ...
    ' in /usr/lib/php/Zend/Gdata/App.php:661
Stack trace:
#0 /usr/lib/php/Zend/Gdata.php(218): Zend_Gdata_App->performHttpRequest('GET', 'http://spreadsh...', Array, NULL, NULL, NULL)
#1 /usr/lib/php/Zend/Gdata/App.php(814): Zend_Gdata->performHttpRequest('GET', 'http://spreadsh...', Array)
#2 /usr/lib/php/Zend/Gdata/App.php(714): Zend_Gdata_App->get('http://spreadsh...', NULL)
#3 /usr/lib/php/Zend/Gdata/App.php(204): Zend_Gdata_App->importUrl('http://spreadsh...', 'Zend_Gdata_Spre...', NULL)
#4 /usr/lib/php/Zend/Gdata.php(161): Zend_Gdata_App->getFeed('http://spreadsh...', 'Zend_Gdata_Spre...')
#5 /usr/lib/php/Zend/Gdata/Spr in /usr/lib/php/Zend/Gdata/App.php on line 661
[03-Mar-2009 16:57:29] PHP Fatal error:  Uncaught exception 'Zend_Gdata_App_HttpException' with message 'Expected response code 200, got 400
Parse error: Encountered &quot;&lt;EOF&gt;&quot; at line 1, column 5.
Was expecting one of:
    &lt;DATE&gt; ...
    &lt;FLOAT&gt; ...
    &lt;BOOLEAN&gt; ...
    &quot;!&quot; ...
    &lt;STRING&gt; ...
    &lt;NAME&gt; ...
    &quot;{&quot; ...
    &quot;(&quot; ...
    &quot;$&quot; ...
    ' in /usr/lib/php/Zend/Gdata/App.php:661
Stack trace:
#0 /usr/lib/php/Zend/Gdata.php(218): Zend_Gdata_App->performHttpRequest('GET', 'http://spreadsh...', Array, NULL, NULL, NULL)
#1 /usr/lib/php/Zend/Gdata/App.php(814): Zend_Gdata->performHttpRequest('GET', 'http://spreadsh...', Array)
#2 /usr/lib/php/Zend/Gdata/App.php(714): Zend_Gdata_App->get('http://spreadsh...', NULL)
#3 /usr/lib/php/Zend/Gdata/App.php(204): Zend_Gdata_App->importUrl('http://spreadsh...', 'Zend_Gdata_Spre...', NULL)
#4 /usr/lib/php/Zend/Gdata.php(161): Zend_Gdata_App->getFeed('http://spreadsh...', 'Zend_Gdata_Spre...')
#5 /usr/lib/php/Zend/Gdata/Spr in /usr/lib/php/Zend/Gdata/App.php on line 661
[03-Mar-2009 16:57:59] PHP Fatal error:  Uncaught exception 'Zend_Gdata_App_HttpException' with message 'Expected response code 200, got 400
Parse error: Encountered &quot;&lt;EOF&gt;&quot; at line 1, column 5.
Was expecting one of:
    &lt;DATE&gt; ...
    &lt;FLOAT&gt; ...
    &lt;BOOLEAN&gt; ...
    &quot;!&quot; ...
    &lt;STRING&gt; ...
    &lt;NAME&gt; ...
    &quot;{&quot; ...
    &quot;(&quot; ...
    &quot;$&quot; ...
    ' in /usr/lib/php/Zend/Gdata/App.php:661
Stack trace:
#0 /usr/lib/php/Zend/Gdata.php(218): Zend_Gdata_App->performHttpRequest('GET', 'http://spreadsh...', Array, NULL, NULL, NULL)
#1 /usr/lib/php/Zend/Gdata/App.php(814): Zend_Gdata->performHttpRequest('GET', 'http://spreadsh...', Array)
#2 /usr/lib/php/Zend/Gdata/App.php(714): Zend_Gdata_App->get('http://spreadsh...', NULL)
#3 /usr/lib/php/Zend/Gdata/App.php(204): Zend_Gdata_App->importUrl('http://spreadsh...', 'Zend_Gdata_Spre...', NULL)
#4 /usr/lib/php/Zend/Gdata.php(161): Zend_Gdata_App->getFeed('http://spreadsh...', 'Zend_Gdata_Spre...')
#5 /usr/lib/php/Zend/Gdata/Spr in /usr/lib/php/Zend/Gdata/App.php on line 661
[03-Mar-2009 17:11:24] PHP Fatal error:  Uncaught exception 'Zend_Gdata_App_HttpException' with message 'Expected response code 200, got 400
Parse error: Encountered &quot;&lt;EOF&gt;&quot; at line 1, column 5.
Was expecting one of:
    &lt;DATE&gt; ...
    &lt;FLOAT&gt; ...
    &lt;BOOLEAN&gt; ...
    &quot;!&quot; ...
    &lt;STRING&gt; ...
    &lt;NAME&gt; ...
    &quot;{&quot; ...
    &quot;(&quot; ...
    &quot;$&quot; ...
    ' in /usr/lib/php/Zend/Gdata/App.php:661
Stack trace:
#0 /usr/lib/php/Zend/Gdata.php(218): Zend_Gdata_App->performHttpRequest('GET', 'http://spreadsh...', Array, NULL, NULL, NULL)
#1 /usr/lib/php/Zend/Gdata/App.php(814): Zend_Gdata->performHttpRequest('GET', 'http://spreadsh...', Array)
#2 /usr/lib/php/Zend/Gdata/App.php(714): Zend_Gdata_App->get('http://spreadsh...', NULL)
#3 /usr/lib/php/Zend/Gdata/App.php(204): Zend_Gdata_App->importUrl('http://spreadsh...', 'Zend_Gdata_Spre...', NULL)
#4 /usr/lib/php/Zend/Gdata.php(161): Zend_Gdata_App->getFeed('http://spreadsh...', 'Zend_Gdata_Spre...')
#5 /usr/lib/php/Zend/Gdata/Spr in /usr/lib/php/Zend/Gdata/App.php on line 661
[03-Mar-2009 17:11:56] PHP Fatal error:  Uncaught exception 'Zend_Gdata_App_HttpException' with message 'Expected response code 200, got 400
Parse error: Encountered &quot;&lt;EOF&gt;&quot; at line 1, column 5.
Was expecting one of:
    &lt;DATE&gt; ...
    &lt;FLOAT&gt; ...
    &lt;BOOLEAN&gt; ...
    &quot;!&quot; ...
    &lt;STRING&gt; ...
    &lt;NAME&gt; ...
    &quot;{&quot; ...
    &quot;(&quot; ...
    &quot;$&quot; ...
    ' in /usr/lib/php/Zend/Gdata/App.php:661
Stack trace:
#0 /usr/lib/php/Zend/Gdata.php(218): Zend_Gdata_App->performHttpRequest('GET', 'http://spreadsh...', Array, NULL, NULL, NULL)
#1 /usr/lib/php/Zend/Gdata/App.php(814): Zend_Gdata->performHttpRequest('GET', 'http://spreadsh...', Array)
#2 /usr/lib/php/Zend/Gdata/App.php(714): Zend_Gdata_App->get('http://spreadsh...', NULL)
#3 /usr/lib/php/Zend/Gdata/App.php(204): Zend_Gdata_App->importUrl('http://spreadsh...', 'Zend_Gdata_Spre...', NULL)
#4 /usr/lib/php/Zend/Gdata.php(161): Zend_Gdata_App->getFeed('http://spreadsh...', 'Zend_Gdata_Spre...')
#5 /usr/lib/php/Zend/Gdata/Spr in /usr/lib/php/Zend/Gdata/App.php on line 661
[03-Mar-2009 17:12:40] PHP Fatal error:  Uncaught exception 'Zend_Gdata_App_HttpException' with message 'Expected response code 200, got 400
Parse error: Encountered &quot;&lt;EOF&gt;&quot; at line 1, column 5.
Was expecting one of:
    &lt;DATE&gt; ...
    &lt;FLOAT&gt; ...
    &lt;BOOLEAN&gt; ...
    &quot;!&quot; ...
    &lt;STRING&gt; ...
    &lt;NAME&gt; ...
    &quot;{&quot; ...
    &quot;(&quot; ...
    &quot;$&quot; ...
    ' in /usr/lib/php/Zend/Gdata/App.php:661
Stack trace:
#0 /usr/lib/php/Zend/Gdata.php(218): Zend_Gdata_App->performHttpRequest('GET', 'http://spreadsh...', Array, NULL, NULL, NULL)
#1 /usr/lib/php/Zend/Gdata/App.php(814): Zend_Gdata->performHttpRequest('GET', 'http://spreadsh...', Array)
#2 /usr/lib/php/Zend/Gdata/App.php(714): Zend_Gdata_App->get('http://spreadsh...', NULL)
#3 /usr/lib/php/Zend/Gdata/App.php(204): Zend_Gdata_App->importUrl('http://spreadsh...', 'Zend_Gdata_Spre...', NULL)
#4 /usr/lib/php/Zend/Gdata.php(161): Zend_Gdata_App->getFeed('http://spreadsh...', 'Zend_Gdata_Spre...')
#5 /usr/lib/php/Zend/Gdata/Spr in /usr/lib/php/Zend/Gdata/App.php on line 661
[03-Mar-2009 17:13:58] PHP Fatal error:  Uncaught exception 'Zend_Gdata_App_HttpException' with message 'Expected response code 200, got 400
Parse error: Encountered &quot;&lt;EOF&gt;&quot; at line 1, column 5.
Was expecting one of:
    &lt;DATE&gt; ...
    &lt;FLOAT&gt; ...
    &lt;BOOLEAN&gt; ...
    &quot;!&quot; ...
    &lt;STRING&gt; ...
    &lt;NAME&gt; ...
    &quot;{&quot; ...
    &quot;(&quot; ...
    &quot;$&quot; ...
    ' in /usr/lib/php/Zend/Gdata/App.php:661
Stack trace:
#0 /usr/lib/php/Zend/Gdata.php(218): Zend_Gdata_App->performHttpRequest('GET', 'http://spreadsh...', Array, NULL, NULL, NULL)
#1 /usr/lib/php/Zend/Gdata/App.php(814): Zend_Gdata->performHttpRequest('GET', 'http://spreadsh...', Array)
#2 /usr/lib/php/Zend/Gdata/App.php(714): Zend_Gdata_App->get('http://spreadsh...', NULL)
#3 /usr/lib/php/Zend/Gdata/App.php(204): Zend_Gdata_App->importUrl('http://spreadsh...', 'Zend_Gdata_Spre...', NULL)
#4 /usr/lib/php/Zend/Gdata.php(161): Zend_Gdata_App->getFeed('http://spreadsh...', 'Zend_Gdata_Spre...')
#5 /usr/lib/php/Zend/Gdata/Spr in /usr/lib/php/Zend/Gdata/App.php on line 661
[03-Mar-2009 17:24:03] PHP Fatal error:  Uncaught exception 'Zend_Gdata_App_HttpException' with message 'Expected response code 200, got 400
Parse error: Encountered &quot;&lt;EOF&gt;&quot; at line 1, column 5.
Was expecting one of:
    &lt;DATE&gt; ...
    &lt;FLOAT&gt; ...
    &lt;BOOLEAN&gt; ...
    &quot;!&quot; ...
    &lt;STRING&gt; ...
    &lt;NAME&gt; ...
    &quot;{&quot; ...
    &quot;(&quot; ...
    &quot;$&quot; ...
    ' in /usr/lib/php/Zend/Gdata/App.php:661
Stack trace:
#0 /usr/lib/php/Zend/Gdata.php(218): Zend_Gdata_App->performHttpRequest('GET', 'http://spreadsh...', Array, NULL, NULL, NULL)
#1 /usr/lib/php/Zend/Gdata/App.php(814): Zend_Gdata->performHttpRequest('GET', 'http://spreadsh...', Array)
#2 /usr/lib/php/Zend/Gdata/App.php(714): Zend_Gdata_App->get('http://spreadsh...', NULL)
#3 /usr/lib/php/Zend/Gdata/App.php(204): Zend_Gdata_App->importUrl('http://spreadsh...', 'Zend_Gdata_Spre...', NULL)
#4 /usr/lib/php/Zend/Gdata.php(161): Zend_Gdata_App->getFeed('http://spreadsh...', 'Zend_Gdata_Spre...')
#5 /usr/lib/php/Zend/Gdata/Spr in /usr/lib/php/Zend/Gdata/App.php on line 661
[03-Mar-2009 17:24:06] PHP Fatal error:  Uncaught exception 'Zend_Gdata_App_HttpException' with message 'Expected response code 200, got 400
Parse error: Encountered &quot;&lt;&quot; at line 1, column 9.
Was expecting one of:
    &lt;DATE&gt; ...
    &lt;FLOAT&gt; ...
    &lt;BOOLEAN&gt; ...
    &quot;!&quot; ...
    &lt;STRING&gt; ...
    &lt;NAME&gt; ...
    &quot;{&quot; ...
    &quot;(&quot; ...
    &quot;$&quot; ...
    ' in /usr/lib/php/Zend/Gdata/App.php:661
Stack trace:
#0 /usr/lib/php/Zend/Gdata.php(218): Zend_Gdata_App->performHttpRequest('GET', 'http://spreadsh...', Array, NULL, NULL, NULL)
#1 /usr/lib/php/Zend/Gdata/App.php(814): Zend_Gdata->performHttpRequest('GET', 'http://spreadsh...', Array)
#2 /usr/lib/php/Zend/Gdata/App.php(714): Zend_Gdata_App->get('http://spreadsh...', NULL)
#3 /usr/lib/php/Zend/Gdata/App.php(204): Zend_Gdata_App->importUrl('http://spreadsh...', 'Zend_Gdata_Spre...', NULL)
#4 /usr/lib/php/Zend/Gdata.php(161): Zend_Gdata_App->getFeed('http://spreadsh...', 'Zend_Gdata_Spre...')
#5 /usr/lib/php/Zend/Gdata/Spreadshee in /usr/lib/php/Zend/Gdata/App.php on line 661
[03-Mar-2009 17:26:03] PHP Fatal error:  Uncaught exception 'Zend_Gdata_App_HttpException' with message 'Expected response code 200, got 400
Parse error: Encountered &quot;&lt;&quot; at line 1, column 9.
Was expecting one of:
    &lt;DATE&gt; ...
    &lt;FLOAT&gt; ...
    &lt;BOOLEAN&gt; ...
    &quot;!&quot; ...
    &lt;STRING&gt; ...
    &lt;NAME&gt; ...
    &quot;{&quot; ...
    &quot;(&quot; ...
    &quot;$&quot; ...
    ' in /usr/lib/php/Zend/Gdata/App.php:661
Stack trace:
#0 /usr/lib/php/Zend/Gdata.php(218): Zend_Gdata_App->performHttpRequest('GET', 'http://spreadsh...', Array, NULL, NULL, NULL)
#1 /usr/lib/php/Zend/Gdata/App.php(814): Zend_Gdata->performHttpRequest('GET', 'http://spreadsh...', Array)
#2 /usr/lib/php/Zend/Gdata/App.php(714): Zend_Gdata_App->get('http://spreadsh...', NULL)
#3 /usr/lib/php/Zend/Gdata/App.php(204): Zend_Gdata_App->importUrl('http://spreadsh...', 'Zend_Gdata_Spre...', NULL)
#4 /usr/lib/php/Zend/Gdata.php(161): Zend_Gdata_App->getFeed('http://spreadsh...', 'Zend_Gdata_Spre...')
#5 /usr/lib/php/Zend/Gdata/Spreadshee in /usr/lib/php/Zend/Gdata/App.php on line 661
[03-Mar-2009 17:31:08] PHP Fatal error:  Uncaught exception 'Zend_Gdata_App_HttpException' with message 'Expected response code 200, got 400
Parse error: Encountered &quot;&lt;EOF&gt;&quot; at line 1, column 5.
Was expecting one of:
    &lt;DATE&gt; ...
    &lt;FLOAT&gt; ...
    &lt;BOOLEAN&gt; ...
    &quot;!&quot; ...
    &lt;STRING&gt; ...
    &lt;NAME&gt; ...
    &quot;{&quot; ...
    &quot;(&quot; ...
    &quot;$&quot; ...
    ' in /usr/lib/php/Zend/Gdata/App.php:661
Stack trace:
#0 /usr/lib/php/Zend/Gdata.php(218): Zend_Gdata_App->performHttpRequest('GET', 'http://spreadsh...', Array, NULL, NULL, NULL)
#1 /usr/lib/php/Zend/Gdata/App.php(814): Zend_Gdata->performHttpRequest('GET', 'http://spreadsh...', Array)
#2 /usr/lib/php/Zend/Gdata/App.php(714): Zend_Gdata_App->get('http://spreadsh...', NULL)
#3 /usr/lib/php/Zend/Gdata/App.php(204): Zend_Gdata_App->importUrl('http://spreadsh...', 'Zend_Gdata_Spre...', NULL)
#4 /usr/lib/php/Zend/Gdata.php(161): Zend_Gdata_App->getFeed('http://spreadsh...', 'Zend_Gdata_Spre...')
#5 /usr/lib/php/Zend/Gdata/Spr in /usr/lib/php/Zend/Gdata/App.php on line 661
[03-Mar-2009 17:43:18] PHP Fatal error:  Uncaught exception 'Zend_Gdata_App_HttpException' with message 'Expected response code 200, got 400
Parse error: Encountered &quot;&lt;EOF&gt;&quot; at line 1, column 5.
Was expecting one of:
    &lt;DATE&gt; ...
    &lt;FLOAT&gt; ...
    &lt;BOOLEAN&gt; ...
    &quot;!&quot; ...
    &lt;STRING&gt; ...
    &lt;NAME&gt; ...
    &quot;{&quot; ...
    &quot;(&quot; ...
    &quot;$&quot; ...
    ' in /usr/lib/php/Zend/Gdata/App.php:661
Stack trace:
#0 /usr/lib/php/Zend/Gdata.php(218): Zend_Gdata_App->performHttpRequest('GET', 'http://spreadsh...', Array, NULL, NULL, NULL)
#1 /usr/lib/php/Zend/Gdata/App.php(814): Zend_Gdata->performHttpRequest('GET', 'http://spreadsh...', Array)
#2 /usr/lib/php/Zend/Gdata/App.php(714): Zend_Gdata_App->get('http://spreadsh...', NULL)
#3 /usr/lib/php/Zend/Gdata/App.php(204): Zend_Gdata_App->importUrl('http://spreadsh...', 'Zend_Gdata_Spre...', NULL)
#4 /usr/lib/php/Zend/Gdata.php(161): Zend_Gdata_App->getFeed('http://spreadsh...', 'Zend_Gdata_Spre...')
#5 /usr/lib/php/Zend/Gdata/Spr in /usr/lib/php/Zend/Gdata/App.php on line 661
[03-Mar-2009 17:44:08] PHP Fatal error:  Uncaught exception 'Zend_Gdata_App_HttpException' with message 'Expected response code 200, got 400
Parse error: Encountered &quot;&lt;&quot; at line 1, column 9.
Was expecting one of:
    &lt;DATE&gt; ...
    &lt;FLOAT&gt; ...
    &lt;BOOLEAN&gt; ...
    &quot;!&quot; ...
    &lt;STRING&gt; ...
    &lt;NAME&gt; ...
    &quot;{&quot; ...
    &quot;(&quot; ...
    &quot;$&quot; ...
    ' in /usr/lib/php/Zend/Gdata/App.php:661
Stack trace:
#0 /usr/lib/php/Zend/Gdata.php(218): Zend_Gdata_App->performHttpRequest('GET', 'http://spreadsh...', Array, NULL, NULL, NULL)
#1 /usr/lib/php/Zend/Gdata/App.php(814): Zend_Gdata->performHttpRequest('GET', 'http://spreadsh...', Array)
#2 /usr/lib/php/Zend/Gdata/App.php(714): Zend_Gdata_App->get('http://spreadsh...', NULL)
#3 /usr/lib/php/Zend/Gdata/App.php(204): Zend_Gdata_App->importUrl('http://spreadsh...', 'Zend_Gdata_Spre...', NULL)
#4 /usr/lib/php/Zend/Gdata.php(161): Zend_Gdata_App->getFeed('http://spreadsh...', 'Zend_Gdata_Spre...')
#5 /usr/lib/php/Zend/Gdata/Spreadshee in /usr/lib/php/Zend/Gdata/App.php on line 661
[03-Mar-2009 17:44:15] PHP Fatal error:  Uncaught exception 'Zend_Gdata_App_HttpException' with message 'Expected response code 200, got 400
Parse error: Encountered &quot;&lt;&quot; at line 1, column 9.
Was expecting one of:
    &lt;DATE&gt; ...
    &lt;FLOAT&gt; ...
    &lt;BOOLEAN&gt; ...
    &quot;!&quot; ...
    &lt;STRING&gt; ...
    &lt;NAME&gt; ...
    &quot;{&quot; ...
    &quot;(&quot; ...
    &quot;$&quot; ...
    ' in /usr/lib/php/Zend/Gdata/App.php:661
Stack trace:
#0 /usr/lib/php/Zend/Gdata.php(218): Zend_Gdata_App->performHttpRequest('GET', 'http://spreadsh...', Array, NULL, NULL, NULL)
#1 /usr/lib/php/Zend/Gdata/App.php(814): Zend_Gdata->performHttpRequest('GET', 'http://spreadsh...', Array)
#2 /usr/lib/php/Zend/Gdata/App.php(714): Zend_Gdata_App->get('http://spreadsh...', NULL)
#3 /usr/lib/php/Zend/Gdata/App.php(204): Zend_Gdata_App->importUrl('http://spreadsh...', 'Zend_Gdata_Spre...', NULL)
#4 /usr/lib/php/Zend/Gdata.php(161): Zend_Gdata_App->getFeed('http://spreadsh...', 'Zend_Gdata_Spre...')
#5 /usr/lib/php/Zend/Gdata/Spreadshee in /usr/lib/php/Zend/Gdata/App.php on line 661
[03-Mar-2009 17:44:18] PHP Fatal error:  Uncaught exception 'Zend_Gdata_App_HttpException' with message 'Expected response code 200, got 400
Parse error: Encountered &quot;&lt;&quot; at line 1, column 9.
Was expecting one of:
    &lt;DATE&gt; ...
    &lt;FLOAT&gt; ...
    &lt;BOOLEAN&gt; ...
    &quot;!&quot; ...
    &lt;STRING&gt; ...
    &lt;NAME&gt; ...
    &quot;{&quot; ...
    &quot;(&quot; ...
    &quot;$&quot; ...
    ' in /usr/lib/php/Zend/Gdata/App.php:661
Stack trace:
#0 /usr/lib/php/Zend/Gdata.php(218): Zend_Gdata_App->performHttpRequest('GET', 'http://spreadsh...', Array, NULL, NULL, NULL)
#1 /usr/lib/php/Zend/Gdata/App.php(814): Zend_Gdata->performHttpRequest('GET', 'http://spreadsh...', Array)
#2 /usr/lib/php/Zend/Gdata/App.php(714): Zend_Gdata_App->get('http://spreadsh...', NULL)
#3 /usr/lib/php/Zend/Gdata/App.php(204): Zend_Gdata_App->importUrl('http://spreadsh...', 'Zend_Gdata_Spre...', NULL)
#4 /usr/lib/php/Zend/Gdata.php(161): Zend_Gdata_App->getFeed('http://spreadsh...', 'Zend_Gdata_Spre...')
#5 /usr/lib/php/Zend/Gdata/Spreadshee in /usr/lib/php/Zend/Gdata/App.php on line 661
[03-Mar-2009 17:44:36] PHP Fatal error:  Uncaught exception 'Zend_Gdata_App_HttpException' with message 'Expected response code 200, got 400
Parse error: Encountered &quot;&lt;EOF&gt;&quot; at line 1, column 5.
Was expecting one of:
    &lt;DATE&gt; ...
    &lt;FLOAT&gt; ...
    &lt;BOOLEAN&gt; ...
    &quot;!&quot; ...
    &lt;STRING&gt; ...
    &lt;NAME&gt; ...
    &quot;{&quot; ...
    &quot;(&quot; ...
    &quot;$&quot; ...
    ' in /usr/lib/php/Zend/Gdata/App.php:661
Stack trace:
#0 /usr/lib/php/Zend/Gdata.php(218): Zend_Gdata_App->performHttpRequest('GET', 'http://spreadsh...', Array, NULL, NULL, NULL)
#1 /usr/lib/php/Zend/Gdata/App.php(814): Zend_Gdata->performHttpRequest('GET', 'http://spreadsh...', Array)
#2 /usr/lib/php/Zend/Gdata/App.php(714): Zend_Gdata_App->get('http://spreadsh...', NULL)
#3 /usr/lib/php/Zend/Gdata/App.php(204): Zend_Gdata_App->importUrl('http://spreadsh...', 'Zend_Gdata_Spre...', NULL)
#4 /usr/lib/php/Zend/Gdata.php(161): Zend_Gdata_App->getFeed('http://spreadsh...', 'Zend_Gdata_Spre...')
#5 /usr/lib/php/Zend/Gdata/Spr in /usr/lib/php/Zend/Gdata/App.php on line 661
[03-Mar-2009 17:45:42] PHP Fatal error:  Uncaught exception 'Zend_Gdata_App_HttpException' with message 'Expected response code 200, got 400
Parse error: Encountered &quot;&lt;&quot; at line 1, column 9.
Was expecting one of:
    &lt;DATE&gt; ...
    &lt;FLOAT&gt; ...
    &lt;BOOLEAN&gt; ...
    &quot;!&quot; ...
    &lt;STRING&gt; ...
    &lt;NAME&gt; ...
    &quot;{&quot; ...
    &quot;(&quot; ...
    &quot;$&quot; ...
    ' in /usr/lib/php/Zend/Gdata/App.php:661
Stack trace:
#0 /usr/lib/php/Zend/Gdata.php(218): Zend_Gdata_App->performHttpRequest('GET', 'http://spreadsh...', Array, NULL, NULL, NULL)
#1 /usr/lib/php/Zend/Gdata/App.php(814): Zend_Gdata->performHttpRequest('GET', 'http://spreadsh...', Array)
#2 /usr/lib/php/Zend/Gdata/App.php(714): Zend_Gdata_App->get('http://spreadsh...', NULL)
#3 /usr/lib/php/Zend/Gdata/App.php(204): Zend_Gdata_App->importUrl('http://spreadsh...', 'Zend_Gdata_Spre...', NULL)
#4 /usr/lib/php/Zend/Gdata.php(161): Zend_Gdata_App->getFeed('http://spreadsh...', 'Zend_Gdata_Spre...')
#5 /usr/lib/php/Zend/Gdata/Spreadshee in /usr/lib/php/Zend/Gdata/App.php on line 661
[03-Mar-2009 17:45:52] PHP Fatal error:  Uncaught exception 'Zend_Gdata_App_HttpException' with message 'Expected response code 200, got 400
Parse error: Encountered &quot;&lt;EOF&gt;&quot; at line 1, column 5.
Was expecting one of:
    &lt;DATE&gt; ...
    &lt;FLOAT&gt; ...
    &lt;BOOLEAN&gt; ...
    &quot;!&quot; ...
    &lt;STRING&gt; ...
    &lt;NAME&gt; ...
    &quot;{&quot; ...
    &quot;(&quot; ...
    &quot;$&quot; ...
    ' in /usr/lib/php/Zend/Gdata/App.php:661
Stack trace:
#0 /usr/lib/php/Zend/Gdata.php(218): Zend_Gdata_App->performHttpRequest('GET', 'http://spreadsh...', Array, NULL, NULL, NULL)
#1 /usr/lib/php/Zend/Gdata/App.php(814): Zend_Gdata->performHttpRequest('GET', 'http://spreadsh...', Array)
#2 /usr/lib/php/Zend/Gdata/App.php(714): Zend_Gdata_App->get('http://spreadsh...', NULL)
#3 /usr/lib/php/Zend/Gdata/App.php(204): Zend_Gdata_App->importUrl('http://spreadsh...', 'Zend_Gdata_Spre...', NULL)
#4 /usr/lib/php/Zend/Gdata.php(161): Zend_Gdata_App->getFeed('http://spreadsh...', 'Zend_Gdata_Spre...')
#5 /usr/lib/php/Zend/Gdata/Spr in /usr/lib/php/Zend/Gdata/App.php on line 661
[03-Mar-2009 17:47:48] PHP Fatal error:  Uncaught exception 'Zend_Gdata_App_Exception' with message 'A spreadsheet key must be provided for worksheet document queries.' in /Users/dude/Downloads/ZendGdata-1.7.5/library/Zend/Gdata/Spreadsheets/DocumentQuery.php:266
Stack trace:
#0 /Users/dude/Downloads/ZendGdata-1.7.5/library/Zend/Gdata/Spreadsheets.php(184): Zend_Gdata_Spreadsheets_DocumentQuery->getQueryUrl()
#1 /Users/dude/Downloads/ZendGdata-1.7.5/demos/Zend/Gdata/Spreadsheet-ClientLogin.php(112): Zend_Gdata_Spreadsheets->getWorksheetFeed(Object(Zend_Gdata_Spreadsheets_DocumentQuery))
#2 /Users/dude/Downloads/ZendGdata-1.7.5/demos/Zend/Gdata/Spreadsheet-ClientLogin.php(418): SimpleCRUD->promptForWorksheet()
#3 /Users/dude/Downloads/ZendGdata-1.7.5/demos/Zend/Gdata/Spreadsheet-ClientLogin.php(454): SimpleCRUD->run()
#4 {main}
  thrown in /Users/dude/Downloads/ZendGdata-1.7.5/library/Zend/Gdata/Spreadsheets/DocumentQuery.php on line 266
[03-Mar-2009 17:53:03] PHP Fatal error:  Uncaught exception 'Zend_Gdata_App_HttpException' with message 'Expected response code 200, got 400
Parse error: Encountered &quot;&lt;EOF&gt;&quot; at line 1, column 5.
Was expecting one of:
    &lt;DATE&gt; ...
    &lt;FLOAT&gt; ...
    &lt;BOOLEAN&gt; ...
    &quot;!&quot; ...
    &lt;STRING&gt; ...
    &lt;NAME&gt; ...
    &quot;{&quot; ...
    &quot;(&quot; ...
    &quot;$&quot; ...
    ' in /usr/lib/php/Zend/Gdata/App.php:661
Stack trace:
#0 /usr/lib/php/Zend/Gdata.php(218): Zend_Gdata_App->performHttpRequest('GET', 'http://spreadsh...', Array, NULL, NULL, NULL)
#1 /usr/lib/php/Zend/Gdata/App.php(814): Zend_Gdata->performHttpRequest('GET', 'http://spreadsh...', Array)
#2 /usr/lib/php/Zend/Gdata/App.php(714): Zend_Gdata_App->get('http://spreadsh...', NULL)
#3 /usr/lib/php/Zend/Gdata/App.php(204): Zend_Gdata_App->importUrl('http://spreadsh...', 'Zend_Gdata_Spre...', NULL)
#4 /usr/lib/php/Zend/Gdata.php(161): Zend_Gdata_App->getFeed('http://spreadsh...', 'Zend_Gdata_Spre...')
#5 /usr/lib/php/Zend/Gdata/Spr in /usr/lib/php/Zend/Gdata/App.php on line 661
[03-Mar-2009 17:58:42] PHP Fatal error:  Uncaught exception 'Zend_Gdata_App_HttpException' with message 'Expected response code 200, got 400
Parse error: Encountered &quot;&lt;EOF&gt;&quot; at line 1, column 5.
Was expecting one of:
    &lt;DATE&gt; ...
    &lt;FLOAT&gt; ...
    &lt;BOOLEAN&gt; ...
    &quot;!&quot; ...
    &lt;STRING&gt; ...
    &lt;NAME&gt; ...
    &quot;{&quot; ...
    &quot;(&quot; ...
    &quot;$&quot; ...
    ' in /usr/lib/php/Zend/Gdata/App.php:661
Stack trace:
#0 /usr/lib/php/Zend/Gdata.php(218): Zend_Gdata_App->performHttpRequest('GET', 'http://spreadsh...', Array, NULL, NULL, NULL)
#1 /usr/lib/php/Zend/Gdata/App.php(814): Zend_Gdata->performHttpRequest('GET', 'http://spreadsh...', Array)
#2 /usr/lib/php/Zend/Gdata/App.php(714): Zend_Gdata_App->get('http://spreadsh...', NULL)
#3 /usr/lib/php/Zend/Gdata/App.php(204): Zend_Gdata_App->importUrl('http://spreadsh...', 'Zend_Gdata_Spre...', NULL)
#4 /usr/lib/php/Zend/Gdata.php(161): Zend_Gdata_App->getFeed('http://spreadsh...', 'Zend_Gdata_Spre...')
#5 /usr/lib/php/Zend/Gdata/Spr in /usr/lib/php/Zend/Gdata/App.php on line 661
[03-Mar-2009 18:00:55] PHP Fatal error:  Uncaught exception 'Zend_Gdata_App_HttpException' with message 'Expected response code 200, got 400
Parse error: Encountered &quot;&lt;EOF&gt;&quot; at line 1, column 5.
Was expecting one of:
    &lt;DATE&gt; ...
    &lt;FLOAT&gt; ...
    &lt;BOOLEAN&gt; ...
    &quot;!&quot; ...
    &lt;STRING&gt; ...
    &lt;NAME&gt; ...
    &quot;{&quot; ...
    &quot;(&quot; ...
    &quot;$&quot; ...
    ' in /usr/lib/php/Zend/Gdata/App.php:661
Stack trace:
#0 /usr/lib/php/Zend/Gdata.php(218): Zend_Gdata_App->performHttpRequest('GET', 'http://spreadsh...', Array, NULL, NULL, NULL)
#1 /usr/lib/php/Zend/Gdata/App.php(814): Zend_Gdata->performHttpRequest('GET', 'http://spreadsh...', Array)
#2 /usr/lib/php/Zend/Gdata/App.php(714): Zend_Gdata_App->get('http://spreadsh...', NULL)
#3 /usr/lib/php/Zend/Gdata/App.php(204): Zend_Gdata_App->importUrl('http://spreadsh...', 'Zend_Gdata_Spre...', NULL)
#4 /usr/lib/php/Zend/Gdata.php(161): Zend_Gdata_App->getFeed('http://spreadsh...', 'Zend_Gdata_Spre...')
#5 /usr/lib/php/Zend/Gdata/Spr in /usr/lib/php/Zend/Gdata/App.php on line 661
[03-Mar-2009 18:00:57] PHP Fatal error:  Uncaught exception 'Zend_Gdata_App_HttpException' with message 'Expected response code 200, got 400
Parse error: Encountered &quot;&lt;&quot; at line 1, column 9.
Was expecting one of:
    &lt;DATE&gt; ...
    &lt;FLOAT&gt; ...
    &lt;BOOLEAN&gt; ...
    &quot;!&quot; ...
    &lt;STRING&gt; ...
    &lt;NAME&gt; ...
    &quot;{&quot; ...
    &quot;(&quot; ...
    &quot;$&quot; ...
    ' in /usr/lib/php/Zend/Gdata/App.php:661
Stack trace:
#0 /usr/lib/php/Zend/Gdata.php(218): Zend_Gdata_App->performHttpRequest('GET', 'http://spreadsh...', Array, NULL, NULL, NULL)
#1 /usr/lib/php/Zend/Gdata/App.php(814): Zend_Gdata->performHttpRequest('GET', 'http://spreadsh...', Array)
#2 /usr/lib/php/Zend/Gdata/App.php(714): Zend_Gdata_App->get('http://spreadsh...', NULL)
#3 /usr/lib/php/Zend/Gdata/App.php(204): Zend_Gdata_App->importUrl('http://spreadsh...', 'Zend_Gdata_Spre...', NULL)
#4 /usr/lib/php/Zend/Gdata.php(161): Zend_Gdata_App->getFeed('http://spreadsh...', 'Zend_Gdata_Spre...')
#5 /usr/lib/php/Zend/Gdata/Spreadshee in /usr/lib/php/Zend/Gdata/App.php on line 661
[03-Mar-2009 18:21:51] PHP Fatal error:  Uncaught exception 'Zend_Gdata_App_HttpException' with message 'Expected response code 200, got 400
Parse error: Encountered &quot;&lt;EOF&gt;&quot; at line 1, column 5.
Was expecting one of:
    &lt;DATE&gt; ...
    &lt;FLOAT&gt; ...
    &lt;BOOLEAN&gt; ...
    &quot;!&quot; ...
    &lt;STRING&gt; ...
    &lt;NAME&gt; ...
    &quot;{&quot; ...
    &quot;(&quot; ...
    &quot;$&quot; ...
    ' in /usr/lib/php/Zend/Gdata/App.php:661
Stack trace:
#0 /usr/lib/php/Zend/Gdata.php(218): Zend_Gdata_App->performHttpRequest('GET', 'http://spreadsh...', Array, NULL, NULL, NULL)
#1 /usr/lib/php/Zend/Gdata/App.php(814): Zend_Gdata->performHttpRequest('GET', 'http://spreadsh...', Array)
#2 /usr/lib/php/Zend/Gdata/App.php(714): Zend_Gdata_App->get('http://spreadsh...', NULL)
#3 /usr/lib/php/Zend/Gdata/App.php(204): Zend_Gdata_App->importUrl('http://spreadsh...', 'Zend_Gdata_Spre...', NULL)
#4 /usr/lib/php/Zend/Gdata.php(161): Zend_Gdata_App->getFeed('http://spreadsh...', 'Zend_Gdata_Spre...')
#5 /usr/lib/php/Zend/Gdata/Spr in /usr/lib/php/Zend/Gdata/App.php on line 661
[03-Mar-2009 18:21:58] PHP Fatal error:  Uncaught exception 'Zend_Gdata_App_HttpException' with message 'Expected response code 200, got 400
Parse error: Encountered &quot;&lt;&quot; at line 1, column 9.
Was expecting one of:
    &lt;DATE&gt; ...
    &lt;FLOAT&gt; ...
    &lt;BOOLEAN&gt; ...
    &quot;!&quot; ...
    &lt;STRING&gt; ...
    &lt;NAME&gt; ...
    &quot;{&quot; ...
    &quot;(&quot; ...
    &quot;$&quot; ...
    ' in /usr/lib/php/Zend/Gdata/App.php:661
Stack trace:
#0 /usr/lib/php/Zend/Gdata.php(218): Zend_Gdata_App->performHttpRequest('GET', 'http://spreadsh...', Array, NULL, NULL, NULL)
#1 /usr/lib/php/Zend/Gdata/App.php(814): Zend_Gdata->performHttpRequest('GET', 'http://spreadsh...', Array)
#2 /usr/lib/php/Zend/Gdata/App.php(714): Zend_Gdata_App->get('http://spreadsh...', NULL)
#3 /usr/lib/php/Zend/Gdata/App.php(204): Zend_Gdata_App->importUrl('http://spreadsh...', 'Zend_Gdata_Spre...', NULL)
#4 /usr/lib/php/Zend/Gdata.php(161): Zend_Gdata_App->getFeed('http://spreadsh...', 'Zend_Gdata_Spre...')
#5 /usr/lib/php/Zend/Gdata/Spreadshee in /usr/lib/php/Zend/Gdata/App.php on line 661
[04-Mar-2009 13:12:43] PHP Fatal error:  Call to undefined function alert() in /opt/local/apache2/htdocs/googmaps/goog_loginuser.php on line 9
[04-Mar-2009 13:13:04] PHP Fatal error:  Uncaught exception 'Zend_Gdata_App_HttpException' with message 'Expected response code 200, got 400
Parse error: Encountered &quot;&lt;&quot; at line 1, column 9.
Was expecting one of:
    &lt;DATE&gt; ...
    &lt;FLOAT&gt; ...
    &lt;BOOLEAN&gt; ...
    &quot;!&quot; ...
    &lt;STRING&gt; ...
    &lt;NAME&gt; ...
    &quot;{&quot; ...
    &quot;(&quot; ...
    &quot;$&quot; ...
    ' in /usr/lib/php/Zend/Gdata/App.php:661
Stack trace:
#0 /usr/lib/php/Zend/Gdata.php(218): Zend_Gdata_App->performHttpRequest('GET', 'http://spreadsh...', Array, NULL, NULL, NULL)
#1 /usr/lib/php/Zend/Gdata/App.php(814): Zend_Gdata->performHttpRequest('GET', 'http://spreadsh...', Array)
#2 /usr/lib/php/Zend/Gdata/App.php(714): Zend_Gdata_App->get('http://spreadsh...', NULL)
#3 /usr/lib/php/Zend/Gdata/App.php(204): Zend_Gdata_App->importUrl('http://spreadsh...', 'Zend_Gdata_Spre...', NULL)
#4 /usr/lib/php/Zend/Gdata.php(161): Zend_Gdata_App->getFeed('http://spreadsh...', 'Zend_Gdata_Spre...')
#5 /usr/lib/php/Zend/Gdata/Spreadshee in /usr/lib/php/Zend/Gdata/App.php on line 661
[04-Mar-2009 13:13:29] PHP Fatal error:  Call to undefined function alert() in /opt/local/apache2/htdocs/googmaps/goog_loginuser.php on line 9
[04-Mar-2009 13:13:35] PHP Fatal error:  Uncaught exception 'Zend_Gdata_App_HttpException' with message 'Expected response code 200, got 400
Parse error: Encountered &quot;&lt;&quot; at line 1, column 9.
Was expecting one of:
    &lt;DATE&gt; ...
    &lt;FLOAT&gt; ...
    &lt;BOOLEAN&gt; ...
    &quot;!&quot; ...
    &lt;STRING&gt; ...
    &lt;NAME&gt; ...
    &quot;{&quot; ...
    &quot;(&quot; ...
    &quot;$&quot; ...
    ' in /usr/lib/php/Zend/Gdata/App.php:661
Stack trace:
#0 /usr/lib/php/Zend/Gdata.php(218): Zend_Gdata_App->performHttpRequest('GET', 'http://spreadsh...', Array, NULL, NULL, NULL)
#1 /usr/lib/php/Zend/Gdata/App.php(814): Zend_Gdata->performHttpRequest('GET', 'http://spreadsh...', Array)
#2 /usr/lib/php/Zend/Gdata/App.php(714): Zend_Gdata_App->get('http://spreadsh...', NULL)
#3 /usr/lib/php/Zend/Gdata/App.php(204): Zend_Gdata_App->importUrl('http://spreadsh...', 'Zend_Gdata_Spre...', NULL)
#4 /usr/lib/php/Zend/Gdata.php(161): Zend_Gdata_App->getFeed('http://spreadsh...', 'Zend_Gdata_Spre...')
#5 /usr/lib/php/Zend/Gdata/Spreadshee in /usr/lib/php/Zend/Gdata/App.php on line 661
[04-Mar-2009 13:19:02] PHP Fatal error:  Call to undefined function write() in /opt/local/apache2/htdocs/googmaps/goog_loginuser.php on line 10
[04-Mar-2009 13:20:02] PHP Fatal error:  Call to undefined function alert() in /opt/local/apache2/htdocs/googmaps/goog_loginuser.php on line 10
[04-Mar-2009 13:21:05] PHP Fatal error:  Uncaught exception 'Zend_Gdata_App_HttpException' with message 'Expected response code 200, got 400
Parse error: Encountered &quot;&lt;EOF&gt;&quot; at line 1, column 5.
Was expecting one of:
    &lt;DATE&gt; ...
    &lt;FLOAT&gt; ...
    &lt;BOOLEAN&gt; ...
    &quot;!&quot; ...
    &lt;STRING&gt; ...
    &lt;NAME&gt; ...
    &quot;{&quot; ...
    &quot;(&quot; ...
    &quot;$&quot; ...
    ' in /usr/lib/php/Zend/Gdata/App.php:661
Stack trace:
#0 /usr/lib/php/Zend/Gdata.php(218): Zend_Gdata_App->performHttpRequest('GET', 'http://spreadsh...', Array, NULL, NULL, NULL)
#1 /usr/lib/php/Zend/Gdata/App.php(814): Zend_Gdata->performHttpRequest('GET', 'http://spreadsh...', Array)
#2 /usr/lib/php/Zend/Gdata/App.php(714): Zend_Gdata_App->get('http://spreadsh...', NULL)
#3 /usr/lib/php/Zend/Gdata/App.php(204): Zend_Gdata_App->importUrl('http://spreadsh...', 'Zend_Gdata_Spre...', NULL)
#4 /usr/lib/php/Zend/Gdata.php(161): Zend_Gdata_App->getFeed('http://spreadsh...', 'Zend_Gdata_Spre...')
#5 /usr/lib/php/Zend/Gdata/Spr in /usr/lib/php/Zend/Gdata/App.php on line 661
[04-Mar-2009 13:24:52] PHP Fatal error:  Uncaught exception 'Zend_Gdata_App_HttpException' with message 'Expected response code 200, got 400
Parse error: Encountered &quot;&lt;EOF&gt;&quot; at line 1, column 5.
Was expecting one of:
    &lt;DATE&gt; ...
    &lt;FLOAT&gt; ...
    &lt;BOOLEAN&gt; ...
    &quot;!&quot; ...
    &lt;STRING&gt; ...
    &lt;NAME&gt; ...
    &quot;{&quot; ...
    &quot;(&quot; ...
    &quot;$&quot; ...
    ' in /usr/lib/php/Zend/Gdata/App.php:661
Stack trace:
#0 /usr/lib/php/Zend/Gdata.php(218): Zend_Gdata_App->performHttpRequest('GET', 'http://spreadsh...', Array, NULL, NULL, NULL)
#1 /usr/lib/php/Zend/Gdata/App.php(814): Zend_Gdata->performHttpRequest('GET', 'http://spreadsh...', Array)
#2 /usr/lib/php/Zend/Gdata/App.php(714): Zend_Gdata_App->get('http://spreadsh...', NULL)
#3 /usr/lib/php/Zend/Gdata/App.php(204): Zend_Gdata_App->importUrl('http://spreadsh...', 'Zend_Gdata_Spre...', NULL)
#4 /usr/lib/php/Zend/Gdata.php(161): Zend_Gdata_App->getFeed('http://spreadsh...', 'Zend_Gdata_Spre...')
#5 /usr/lib/php/Zend/Gdata/Spr in /usr/lib/php/Zend/Gdata/App.php on line 661
[04-Mar-2009 13:26:55] PHP Fatal error:  Uncaught exception 'Zend_Gdata_App_HttpException' with message 'Expected response code 200, got 400
Parse error: Encountered &quot;&lt;EOF&gt;&quot; at line 1, column 5.
Was expecting one of:
    &lt;DATE&gt; ...
    &lt;FLOAT&gt; ...
    &lt;BOOLEAN&gt; ...
    &quot;!&quot; ...
    &lt;STRING&gt; ...
    &lt;NAME&gt; ...
    &quot;{&quot; ...
    &quot;(&quot; ...
    &quot;$&quot; ...
    ' in /usr/lib/php/Zend/Gdata/App.php:661
Stack trace:
#0 /usr/lib/php/Zend/Gdata.php(218): Zend_Gdata_App->performHttpRequest('GET', 'http://spreadsh...', Array, NULL, NULL, NULL)
#1 /usr/lib/php/Zend/Gdata/App.php(814): Zend_Gdata->performHttpRequest('GET', 'http://spreadsh...', Array)
#2 /usr/lib/php/Zend/Gdata/App.php(714): Zend_Gdata_App->get('http://spreadsh...', NULL)
#3 /usr/lib/php/Zend/Gdata/App.php(204): Zend_Gdata_App->importUrl('http://spreadsh...', 'Zend_Gdata_Spre...', NULL)
#4 /usr/lib/php/Zend/Gdata.php(161): Zend_Gdata_App->getFeed('http://spreadsh...', 'Zend_Gdata_Spre...')
#5 /usr/lib/php/Zend/Gdata/Spr in /usr/lib/php/Zend/Gdata/App.php on line 661
[04-Mar-2009 13:30:06] PHP Fatal error:  Uncaught exception 'Zend_Gdata_App_HttpException' with message 'Expected response code 200, got 400
Parse error: Encountered &quot;&lt;EOF&gt;&quot; at line 1, column 5.
Was expecting one of:
    &lt;DATE&gt; ...
    &lt;FLOAT&gt; ...
    &lt;BOOLEAN&gt; ...
    &quot;!&quot; ...
    &lt;STRING&gt; ...
    &lt;NAME&gt; ...
    &quot;{&quot; ...
    &quot;(&quot; ...
    &quot;$&quot; ...
    ' in /usr/lib/php/Zend/Gdata/App.php:661
Stack trace:
#0 /usr/lib/php/Zend/Gdata.php(218): Zend_Gdata_App->performHttpRequest('GET', 'http://spreadsh...', Array, NULL, NULL, NULL)
#1 /usr/lib/php/Zend/Gdata/App.php(814): Zend_Gdata->performHttpRequest('GET', 'http://spreadsh...', Array)
#2 /usr/lib/php/Zend/Gdata/App.php(714): Zend_Gdata_App->get('http://spreadsh...', NULL)
#3 /usr/lib/php/Zend/Gdata/App.php(204): Zend_Gdata_App->importUrl('http://spreadsh...', 'Zend_Gdata_Spre...', NULL)
#4 /usr/lib/php/Zend/Gdata.php(161): Zend_Gdata_App->getFeed('http://spreadsh...', 'Zend_Gdata_Spre...')
#5 /usr/lib/php/Zend/Gdata/Spr in /usr/lib/php/Zend/Gdata/App.php on line 661
[04-Mar-2009 13:30:16] PHP Fatal error:  Uncaught exception 'Zend_Gdata_App_HttpException' with message 'Expected response code 200, got 400
Parse error: Encountered &quot;&lt;&quot; at line 1, column 9.
Was expecting one of:
    &lt;DATE&gt; ...
    &lt;FLOAT&gt; ...
    &lt;BOOLEAN&gt; ...
    &quot;!&quot; ...
    &lt;STRING&gt; ...
    &lt;NAME&gt; ...
    &quot;{&quot; ...
    &quot;(&quot; ...
    &quot;$&quot; ...
    ' in /usr/lib/php/Zend/Gdata/App.php:661
Stack trace:
#0 /usr/lib/php/Zend/Gdata.php(218): Zend_Gdata_App->performHttpRequest('GET', 'http://spreadsh...', Array, NULL, NULL, NULL)
#1 /usr/lib/php/Zend/Gdata/App.php(814): Zend_Gdata->performHttpRequest('GET', 'http://spreadsh...', Array)
#2 /usr/lib/php/Zend/Gdata/App.php(714): Zend_Gdata_App->get('http://spreadsh...', NULL)
#3 /usr/lib/php/Zend/Gdata/App.php(204): Zend_Gdata_App->importUrl('http://spreadsh...', 'Zend_Gdata_Spre...', NULL)
#4 /usr/lib/php/Zend/Gdata.php(161): Zend_Gdata_App->getFeed('http://spreadsh...', 'Zend_Gdata_Spre...')
#5 /usr/lib/php/Zend/Gdata/Spreadshee in /usr/lib/php/Zend/Gdata/App.php on line 661
[04-Mar-2009 13:32:20] PHP Fatal error:  Uncaught exception 'Zend_Gdata_App_HttpException' with message 'Expected response code 200, got 400
Parse error: Encountered &quot;&lt;EOF&gt;&quot; at line 1, column 5.
Was expecting one of:
    &lt;DATE&gt; ...
    &lt;FLOAT&gt; ...
    &lt;BOOLEAN&gt; ...
    &quot;!&quot; ...
    &lt;STRING&gt; ...
    &lt;NAME&gt; ...
    &quot;{&quot; ...
    &quot;(&quot; ...
    &quot;$&quot; ...
    ' in /usr/lib/php/Zend/Gdata/App.php:661
Stack trace:
#0 /usr/lib/php/Zend/Gdata.php(218): Zend_Gdata_App->performHttpRequest('GET', 'http://spreadsh...', Array, NULL, NULL, NULL)
#1 /usr/lib/php/Zend/Gdata/App.php(814): Zend_Gdata->performHttpRequest('GET', 'http://spreadsh...', Array)
#2 /usr/lib/php/Zend/Gdata/App.php(714): Zend_Gdata_App->get('http://spreadsh...', NULL)
#3 /usr/lib/php/Zend/Gdata/App.php(204): Zend_Gdata_App->importUrl('http://spreadsh...', 'Zend_Gdata_Spre...', NULL)
#4 /usr/lib/php/Zend/Gdata.php(161): Zend_Gdata_App->getFeed('http://spreadsh...', 'Zend_Gdata_Spre...')
#5 /usr/lib/php/Zend/Gdata/Spr in /usr/lib/php/Zend/Gdata/App.php on line 661
[04-Mar-2009 13:32:27] PHP Fatal error:  Uncaught exception 'Zend_Gdata_App_HttpException' with message 'Expected response code 200, got 400
Parse error: Encountered &quot;&lt;&quot; at line 1, column 9.
Was expecting one of:
    &lt;DATE&gt; ...
    &lt;FLOAT&gt; ...
    &lt;BOOLEAN&gt; ...
    &quot;!&quot; ...
    &lt;STRING&gt; ...
    &lt;NAME&gt; ...
    &quot;{&quot; ...
    &quot;(&quot; ...
    &quot;$&quot; ...
    ' in /usr/lib/php/Zend/Gdata/App.php:661
Stack trace:
#0 /usr/lib/php/Zend/Gdata.php(218): Zend_Gdata_App->performHttpRequest('GET', 'http://spreadsh...', Array, NULL, NULL, NULL)
#1 /usr/lib/php/Zend/Gdata/App.php(814): Zend_Gdata->performHttpRequest('GET', 'http://spreadsh...', Array)
#2 /usr/lib/php/Zend/Gdata/App.php(714): Zend_Gdata_App->get('http://spreadsh...', NULL)
#3 /usr/lib/php/Zend/Gdata/App.php(204): Zend_Gdata_App->importUrl('http://spreadsh...', 'Zend_Gdata_Spre...', NULL)
#4 /usr/lib/php/Zend/Gdata.php(161): Zend_Gdata_App->getFeed('http://spreadsh...', 'Zend_Gdata_Spre...')
#5 /usr/lib/php/Zend/Gdata/Spreadshee in /usr/lib/php/Zend/Gdata/App.php on line 661
[04-Mar-2009 13:57:50] PHP Fatal error:  Uncaught exception 'Zend_Gdata_App_HttpException' with message 'Expected response code 200, got 400
Parse error: Encountered &quot;&lt;EOF&gt;&quot; at line 1, column 5.
Was expecting one of:
    &lt;DATE&gt; ...
    &lt;FLOAT&gt; ...
    &lt;BOOLEAN&gt; ...
    &quot;!&quot; ...
    &lt;STRING&gt; ...
    &lt;NAME&gt; ...
    &quot;{&quot; ...
    &quot;(&quot; ...
    &quot;$&quot; ...
    ' in /usr/lib/php/Zend/Gdata/App.php:661
Stack trace:
#0 /usr/lib/php/Zend/Gdata.php(218): Zend_Gdata_App->performHttpRequest('GET', 'http://spreadsh...', Array, NULL, NULL, NULL)
#1 /usr/lib/php/Zend/Gdata/App.php(814): Zend_Gdata->performHttpRequest('GET', 'http://spreadsh...', Array)
#2 /usr/lib/php/Zend/Gdata/App.php(714): Zend_Gdata_App->get('http://spreadsh...', NULL)
#3 /usr/lib/php/Zend/Gdata/App.php(204): Zend_Gdata_App->importUrl('http://spreadsh...', 'Zend_Gdata_Spre...', NULL)
#4 /usr/lib/php/Zend/Gdata.php(161): Zend_Gdata_App->getFeed('http://spreadsh...', 'Zend_Gdata_Spre...')
#5 /usr/lib/php/Zend/Gdata/Spr in /usr/lib/php/Zend/Gdata/App.php on line 661
[04-Mar-2009 14:06:47] PHP Warning:  require_once(Zend/Loader.php) [<a href='function.require-once'>function.require-once</a>]: failed to open stream: No such file or directory in /opt/local/apache2/htdocs/googmaps/goog_ssheet.php on line 5
[04-Mar-2009 14:06:47] PHP Fatal error:  require_once() [<a href='function.require'>function.require</a>]: Failed opening required 'Zend/Loader.php' (include_path='/Users/dude/Downloads/ZendGdata-1.7.5/library/') in /opt/local/apache2/htdocs/googmaps/goog_ssheet.php on line 5
[04-Mar-2009 14:08:16] PHP Warning:  require_once(Zend/Loader.php) [<a href='function.require-once'>function.require-once</a>]: failed to open stream: No such file or directory in /opt/local/apache2/htdocs/googmaps/goog_ssheet.php on line 5
[04-Mar-2009 14:08:16] PHP Fatal error:  require_once() [<a href='function.require'>function.require</a>]: Failed opening required 'Zend/Loader.php' (include_path='/Users/dude/Downloads/ZendGdata-1.7.5/library/') in /opt/local/apache2/htdocs/googmaps/goog_ssheet.php on line 5
